"clang -o conftest -I/Applications/Vagrant/embedded/include/ruby-2.0.0/universal-darwin12.5.0 -I/Applications/Vagrant/embedded/include/ruby-2.0.0/ruby/backward -I/Applications/Vagrant/embedded/include/ruby-2.0.0 -I. -D_XOPEN_SOURCE -D_DARWIN_C_SOURCE -D_DARWIN_UNLIMITED_SELECT -D_REENTRANT -I/vagrant-installer/staging/embedded/include   -I/vagrant-installer/staging/embedded/include -fno-common -pipe  conftest.c  -L. -L/Applications/Vagrant/embedded/lib -L/vagrant-installer/staging/embedded/lib -L. -L/vagrant-installer/staging/embedded/lib  -Wl,-rpath,@loader_path/../lib -Wl,-rpath,@executable_path/../lib -fstack-protector -L/vagrant-installer/staging/embedded/lib    -arch x86_64 -arch i386   -lruby.2.0.0  -lpthread -ldl -lobjc  "
ld: warning: directory not found for option '-L/vagrant-installer/staging/embedded/lib'
ld: warning: directory not found for option '-L/vagrant-installer/staging/embedded/lib'
ld: warning: directory not found for option '-L/vagrant-installer/staging/embedded/lib'
ld: warning: directory not found for option '-L/vagrant-installer/staging/embedded/lib'
ld: warning: directory not found for option '-L/vagrant-installer/staging/embedded/lib'
ld: warning: directory not found for option '-L/vagrant-installer/staging/embedded/lib'
checked program was:
/* begin */
1: #include "ruby.h"
2: 
3: int main(int argc, char **argv)
4: {
5:   return 0;
6: }
/* end */

"clang -I/Applications/Vagrant/embedded/include/ruby-2.0.0/universal-darwin12.5.0 -I/Applications/Vagrant/embedded/include/ruby-2.0.0/ruby/backward -I/Applications/Vagrant/embedded/include/ruby-2.0.0 -I. -D_XOPEN_SOURCE -D_DARWIN_C_SOURCE -D_DARWIN_UNLIMITED_SELECT -D_REENTRANT -I/vagrant-installer/staging/embedded/include   -I/vagrant-installer/staging/embedded/include -fno-common -pipe   -arch x86_64 -arch i386  -Werror -c conftest.c"
checked program was:
/* begin */
1: #include "ruby.h"
2: 
3: int main() {return 0;}
/* end */

"clang -I/Applications/Vagrant/embedded/include/ruby-2.0.0/universal-darwin12.5.0 -I/Applications/Vagrant/embedded/include/ruby-2.0.0/ruby/backward -I/Applications/Vagrant/embedded/include/ruby-2.0.0 -I. -D_XOPEN_SOURCE -D_DARWIN_C_SOURCE -D_DARWIN_UNLIMITED_SELECT -D_REENTRANT -I/vagrant-installer/staging/embedded/include   -I/vagrant-installer/staging/embedded/include -fno-common -pipe  -Wno-error=unused-command-line-argument-hard-error-in-future  -arch x86_64 -arch i386  -Werror -c conftest.c"
error: unknown warning option '-Werror=unused-command-line-argument-hard-error-in-future'; did you mean '-Werror=unused-command-line-argument'? [-Werror,-Wunknown-warning-option]
checked program was:
/* begin */
1: #include "ruby.h"
2: 
3: int main() {return 0;}
/* end */

have_library: checking for gzdopen() in -lz... -------------------- yes

"clang -o conftest -I/Applications/Vagrant/embedded/include/ruby-2.0.0/universal-darwin12.5.0 -I/Applications/Vagrant/embedded/include/ruby-2.0.0/ruby/backward -I/Applications/Vagrant/embedded/include/ruby-2.0.0 -I. -D_XOPEN_SOURCE -D_DARWIN_C_SOURCE -D_DARWIN_UNLIMITED_SELECT -D_REENTRANT -I/vagrant-installer/staging/embedded/include   -I/vagrant-installer/staging/embedded/include -fno-common -pipe  conftest.c  -L. -L/Applications/Vagrant/embedded/lib -L/vagrant-installer/staging/embedded/lib -L. -L/vagrant-installer/staging/embedded/lib  -Wl,-rpath,@loader_path/../lib -Wl,-rpath,@executable_path/../lib -fstack-protector -L/vagrant-installer/staging/embedded/lib    -arch x86_64 -arch i386   -lruby.2.0.0 -lz  -lpthread -ldl -lobjc  "
ld: warning: directory not found for option '-L/vagrant-installer/staging/embedded/lib'
ld: warning: directory not found for option '-L/vagrant-installer/staging/embedded/lib'
ld: warning: directory not found for option '-L/vagrant-installer/staging/embedded/lib'
ld: warning: directory not found for option '-L/vagrant-installer/staging/embedded/lib'
ld: warning: directory not found for option '-L/vagrant-installer/staging/embedded/lib'
ld: warning: directory not found for option '-L/vagrant-installer/staging/embedded/lib'
checked program was:
/* begin */
 1: #include "ruby.h"
 2: 
 3: #include <zlib.h>
 4: 
 5: /*top*/
 6: extern int t(void);
 7: int t(void) { void ((*volatile p)()); p = (void ((*)()))gzdopen; return 0; }
 8: int main(int argc, char **argv)
 9: {
10:   if (argc > 1000000) {
11:     printf("%p", &t);
12:   }
13: 
14:   return 0;
15: }
/* end */

--------------------

have_iconv?: checking for iconv using --with-iconv-* flags... -------------------- yes

"clang -o conftest -I/Applications/Vagrant/embedded/include/ruby-2.0.0/universal-darwin12.5.0 -I/Applications/Vagrant/embedded/include/ruby-2.0.0/ruby/backward -I/Applications/Vagrant/embedded/include/ruby-2.0.0 -I. -I/usr/local/Cellar/libiconv/1.14//include -D_XOPEN_SOURCE -D_DARWIN_C_SOURCE -D_DARWIN_UNLIMITED_SELECT -D_REENTRANT -I/vagrant-installer/staging/embedded/include   -I/vagrant-installer/staging/embedded/include -fno-common -pipe  conftest.c  -L. -L/Applications/Vagrant/embedded/lib -L/usr/local/Cellar/libiconv/1.14//lib -L/vagrant-installer/staging/embedded/lib -L. -L/vagrant-installer/staging/embedded/lib  -Wl,-rpath,@loader_path/../lib -Wl,-rpath,@executable_path/../lib -fstack-protector -L/vagrant-installer/staging/embedded/lib    -arch x86_64 -arch i386   -lruby.2.0.0  -lpthread -ldl -lobjc  "
ld: warning: directory not found for option '-L/vagrant-installer/staging/embedded/lib'
ld: warning: directory not found for option '-L/vagrant-installer/staging/embedded/lib'
ld: warning: directory not found for option '-L/vagrant-installer/staging/embedded/lib'
Undefined symbols for architecture x86_64:
  "_libiconv", referenced from:
      _main in conftest-2525b5.o
  "_libiconv_open", referenced from:
      _main in conftest-2525b5.o
ld: symbol(s) not found for architecture x86_64
clang: error: linker command failed with exit code 1 (use -v to see invocation)
checked program was:
/* begin */
 1: #include "ruby.h"
 2: 
 3: #include <stdlib.h>
 4: #include <iconv.h>
 5: 
 6: int main(void)
 7: {
 8:     iconv_t cd = iconv_open("", "");
 9:     iconv(cd, NULL, NULL, NULL, NULL);
10:     return EXIT_SUCCESS;
11: }
/* end */

"clang -o conftest -I/Applications/Vagrant/embedded/include/ruby-2.0.0/universal-darwin12.5.0 -I/Applications/Vagrant/embedded/include/ruby-2.0.0/ruby/backward -I/Applications/Vagrant/embedded/include/ruby-2.0.0 -I. -I/usr/local/Cellar/libiconv/1.14//include -D_XOPEN_SOURCE -D_DARWIN_C_SOURCE -D_DARWIN_UNLIMITED_SELECT -D_REENTRANT -I/vagrant-installer/staging/embedded/include   -I/vagrant-installer/staging/embedded/include -fno-common -pipe  conftest.c  -L. -L/Applications/Vagrant/embedded/lib -L/usr/local/Cellar/libiconv/1.14//lib -L/vagrant-installer/staging/embedded/lib -L. -L/vagrant-installer/staging/embedded/lib  -Wl,-rpath,@loader_path/../lib -Wl,-rpath,@executable_path/../lib -fstack-protector -L/vagrant-installer/staging/embedded/lib    -arch x86_64 -arch i386   -lruby.2.0.0 -liconv -lpthread -ldl -lobjc  "
ld: warning: directory not found for option '-L/vagrant-installer/staging/embedded/lib'
ld: warning: directory not found for option '-L/vagrant-installer/staging/embedded/lib'
ld: warning: directory not found for option '-L/vagrant-installer/staging/embedded/lib'
ld: warning: directory not found for option '-L/vagrant-installer/staging/embedded/lib'
ld: warning: directory not found for option '-L/vagrant-installer/staging/embedded/lib'
ld: warning: directory not found for option '-L/vagrant-installer/staging/embedded/lib'
checked program was:
/* begin */
 1: #include "ruby.h"
 2: 
 3: #include <stdlib.h>
 4: #include <iconv.h>
 5: 
 6: int main(void)
 7: {
 8:     iconv_t cd = iconv_open("", "");
 9:     iconv(cd, NULL, NULL, NULL, NULL);
10:     return EXIT_SUCCESS;
11: }
/* end */

--------------------

have_library: checking for main() in -llzma... -------------------- yes

"clang -o conftest -I/Applications/Vagrant/embedded/include/ruby-2.0.0/universal-darwin12.5.0 -I/Applications/Vagrant/embedded/include/ruby-2.0.0/ruby/backward -I/Applications/Vagrant/embedded/include/ruby-2.0.0 -I. -D_XOPEN_SOURCE -D_DARWIN_C_SOURCE -D_DARWIN_UNLIMITED_SELECT -D_REENTRANT -I/vagrant-installer/staging/embedded/include   -I/vagrant-installer/staging/embedded/include -fno-common -pipe  -DNOKOGIRI_USE_PACKAGED_LIBRARIES conftest.c  -L. -L/Applications/Vagrant/embedded/lib -L/vagrant-installer/staging/embedded/lib -L. -L/vagrant-installer/staging/embedded/lib  -Wl,-rpath,@loader_path/../lib -Wl,-rpath,@executable_path/../lib -fstack-protector -L/vagrant-installer/staging/embedded/lib    -arch x86_64 -arch i386   -lruby.2.0.0 -llzma  -lpthread -ldl -lobjc  "
conftest.c:5:57: error: use of undeclared identifier 'main'
int t(void) { void ((*volatile p)()); p = (void ((*)()))main; return 0; }
                                                        ^
1 error generated.
checked program was:
/* begin */
 1: #include "ruby.h"
 2: 
 3: /*top*/
 4: extern int t(void);
 5: int t(void) { void ((*volatile p)()); p = (void ((*)()))main; return 0; }
 6: int main(int argc, char **argv)
 7: {
 8:   if (argc > 1000000) {
 9:     printf("%p", &t);
10:   }
11: 
12:   return 0;
13: }
/* end */

"clang -o conftest -I/Applications/Vagrant/embedded/include/ruby-2.0.0/universal-darwin12.5.0 -I/Applications/Vagrant/embedded/include/ruby-2.0.0/ruby/backward -I/Applications/Vagrant/embedded/include/ruby-2.0.0 -I. -D_XOPEN_SOURCE -D_DARWIN_C_SOURCE -D_DARWIN_UNLIMITED_SELECT -D_REENTRANT -I/vagrant-installer/staging/embedded/include   -I/vagrant-installer/staging/embedded/include -fno-common -pipe  -DNOKOGIRI_USE_PACKAGED_LIBRARIES conftest.c  -L. -L/Applications/Vagrant/embedded/lib -L/vagrant-installer/staging/embedded/lib -L. -L/vagrant-installer/staging/embedded/lib  -Wl,-rpath,@loader_path/../lib -Wl,-rpath,@executable_path/../lib -fstack-protector -L/vagrant-installer/staging/embedded/lib    -arch x86_64 -arch i386   -lruby.2.0.0 -llzma  -lpthread -ldl -lobjc  "
conftest.c:5:15: warning: implicit declaration of function 'main' is invalid in C99 [-Wimplicit-function-declaration]
int t(void) { main(); return 0; }
              ^
1 warning generated.
ld: warning: directory not found for option '-L/vagrant-installer/staging/embedded/lib'
ld: warning: directory not found for option '-L/vagrant-installer/staging/embedded/lib'
ld: warning: directory not found for option '-L/vagrant-installer/staging/embedded/lib'
conftest.c:5:15: warning: implicit declaration of function 'main' is invalid in C99 [-Wimplicit-function-declaration]
int t(void) { main(); return 0; }
              ^
1 warning generated.
ld: warning: directory not found for option '-L/vagrant-installer/staging/embedded/lib'
ld: warning: directory not found for option '-L/vagrant-installer/staging/embedded/lib'
ld: warning: directory not found for option '-L/vagrant-installer/staging/embedded/lib'
checked program was:
/* begin */
 1: #include "ruby.h"
 2: 
 3: /*top*/
 4: extern int t(void);
 5: int t(void) { main(); return 0; }
 6: int main(int argc, char **argv)
 7: {
 8:   if (argc > 1000000) {
 9:     printf("%p", &t);
10:   }
11: 
12:   return 0;
13: }
/* end */

--------------------

have_func: checking for xmlParseDoc() in libxml/parser.h... -------------------- yes

"clang -o conftest -I/Applications/Vagrant/embedded/include/ruby-2.0.0/universal-darwin12.5.0 -I/Applications/Vagrant/embedded/include/ruby-2.0.0/ruby/backward -I/Applications/Vagrant/embedded/include/ruby-2.0.0 -I. -I/Applications/Vagrant/embedded/lib/ruby/gems/2.0.0/gems/nokogiri-1.6.6.2/ports/x86_64-apple-darwin12.5.0/libxslt/1.1.28/include -I/Applications/Vagrant/embedded/lib/ruby/gems/2.0.0/gems/nokogiri-1.6.6.2/ports/x86_64-apple-darwin12.5.0/libxml2/2.9.2/include/libxml2 -I/Applications/Vagrant/embedded/lib/ruby/gems/2.0.0/gems/nokogiri-1.6.6.2/ports/x86_64-apple-darwin12.5.0/libxml2/2.9.2/include/libxml2 -D_XOPEN_SOURCE -D_DARWIN_C_SOURCE -D_DARWIN_UNLIMITED_SELECT -D_REENTRANT -I/vagrant-installer/staging/embedded/include   -DNOKOGIRI_LIBXML2_PATH\=\"/Applications/Vagrant/embedded/lib/ruby/gems/2.0.0/gems/nokogiri-1.6.6.2/ports/x86_64-apple-darwin12.5.0/libxml2/2.9.2\" -DNOKOGIRI_LIBXML2_PATCHES\=\"0001-Revert-Missing-initialization-for-the-catalog-module.patch\ 0002-Fix-missing-entities-after-CVE-2014-3660-fix.patch\" -DNOKOGIRI_LIBXSLT_PATH\=\"/Applications/Vagrant/embedded/lib/ruby/gems/2.0.0/gems/nokogiri-1.6.6.2/ports/x86_64-apple-darwin12.5.0/libxslt/1.1.28\" -DNOKOGIRI_LIBXSLT_PATCHES\=\"0001-Adding-doc-update-related-to-1.1.28.patch\ 0002-Fix-a-couple-of-places-where-f-printf-parameters-wer.patch\ 0003-Initialize-pseudo-random-number-generator-with-curre.patch\ 0004-EXSLT-function-str-replace-is-broken-as-is.patch\ 0006-Fix-str-padding-to-work-with-UTF-8-strings.patch\ 0007-Separate-function-for-predicate-matching-in-patterns.patch\ 0008-Fix-direct-pattern-matching.patch\ 0009-Fix-certain-patterns-with-predicates.patch\ 0010-Fix-handling-of-UTF-8-strings-in-EXSLT-crypto-module.patch\ 0013-Memory-leak-in-xsltCompileIdKeyPattern-error-path.patch\ 0014-Fix-for-bug-436589.patch\ 0015-Fix-mkdir-for-mingw.patch\" -I/vagrant-installer/staging/embedded/include -fno-common -pipe  -DNOKOGIRI_USE_PACKAGED_LIBRARIES conftest.c  -L. -L/Applications/Vagrant/embedded/lib -L/Applications/Vagrant/embedded/lib/ruby/gems/2.0.0/gems/nokogiri-1.6.6.2/ports/x86_64-apple-darwin12.5.0/libxml2/2.9.2/lib -L/Applications/Vagrant/embedded/lib/ruby/gems/2.0.0/gems/nokogiri-1.6.6.2/ports/x86_64-apple-darwin12.5.0/libxslt/1.1.28/lib -L/vagrant-installer/staging/embedded/lib -L. -L/vagrant-installer/staging/embedded/lib  -Wl,-rpath,@loader_path/../lib -Wl,-rpath,@executable_path/../lib -fstack-protector -L/vagrant-installer/staging/embedded/lib    -arch x86_64 -arch i386  /Applications/Vagrant/embedded/lib/ruby/gems/2.0.0/gems/nokogiri-1.6.6.2/ports/x86_64-apple-darwin12.5.0/libxslt/1.1.28/lib/libexslt.a -lm -lpthread -lz /Applications/Vagrant/embedded/lib/ruby/gems/2.0.0/gems/nokogiri-1.6.6.2/ports/x86_64-apple-darwin12.5.0/libxml2/2.9.2/lib/libxml2.a /Applications/Vagrant/embedded/lib/ruby/gems/2.0.0/gems/nokogiri-1.6.6.2/ports/x86_64-apple-darwin12.5.0/libxslt/1.1.28/lib/libxslt.a -lm -lpthread -lz /Applications/Vagrant/embedded/lib/ruby/gems/2.0.0/gems/nokogiri-1.6.6.2/ports/x86_64-apple-darwin12.5.0/libxml2/2.9.2/lib/libxml2.a -llzma -lruby.2.0.0 /Applications/Vagrant/embedded/lib/ruby/gems/2.0.0/gems/nokogiri-1.6.6.2/ports/x86_64-apple-darwin12.5.0/libxslt/1.1.28/lib/libexslt.a -lm -lpthread -lz /Applications/Vagrant/embedded/lib/ruby/gems/2.0.0/gems/nokogiri-1.6.6.2/ports/x86_64-apple-darwin12.5.0/libxml2/2.9.2/lib/libxml2.a /Applications/Vagrant/embedded/lib/ruby/gems/2.0.0/gems/nokogiri-1.6.6.2/ports/x86_64-apple-darwin12.5.0/libxslt/1.1.28/lib/libxslt.a -lm -lpthread -lz /Applications/Vagrant/embedded/lib/ruby/gems/2.0.0/gems/nokogiri-1.6.6.2/ports/x86_64-apple-darwin12.5.0/libxml2/2.9.2/lib/libxml2.a -llzma -lpthread -ldl -lobjc  "
ld: warning: directory not found for option '-L/vagrant-installer/staging/embedded/lib'
ld: warning: directory not found for option '-L/vagrant-installer/staging/embedded/lib'
ld: warning: directory not found for option '-L/vagrant-installer/staging/embedded/lib'
ld: warning: directory not found for option '-L/vagrant-installer/staging/embedded/lib'
ld: warning: directory not found for option '-L/vagrant-installer/staging/embedded/lib'
ld: warning: directory not found for option '-L/vagrant-installer/staging/embedded/lib'
checked program was:
/* begin */
 1: #include "ruby.h"
 2: 
 3: #include <libxml/parser.h>
 4: 
 5: /*top*/
 6: extern int t(void);
 7: int t(void) { void ((*volatile p)()); p = (void ((*)()))xmlParseDoc; return 0; }
 8: int main(int argc, char **argv)
 9: {
10:   if (argc > 1000000) {
11:     printf("%p", &t);
12:   }
13: 
14:   return 0;
15: }
/* end */

--------------------

have_func: checking for xsltParseStylesheetDoc() in libxslt/xslt.h... -------------------- yes

"clang -o conftest -I/Applications/Vagrant/embedded/include/ruby-2.0.0/universal-darwin12.5.0 -I/Applications/Vagrant/embedded/include/ruby-2.0.0/ruby/backward -I/Applications/Vagrant/embedded/include/ruby-2.0.0 -I. -I/Applications/Vagrant/embedded/lib/ruby/gems/2.0.0/gems/nokogiri-1.6.6.2/ports/x86_64-apple-darwin12.5.0/libxslt/1.1.28/include -I/Applications/Vagrant/embedded/lib/ruby/gems/2.0.0/gems/nokogiri-1.6.6.2/ports/x86_64-apple-darwin12.5.0/libxml2/2.9.2/include/libxml2 -I/Applications/Vagrant/embedded/lib/ruby/gems/2.0.0/gems/nokogiri-1.6.6.2/ports/x86_64-apple-darwin12.5.0/libxml2/2.9.2/include/libxml2 -D_XOPEN_SOURCE -D_DARWIN_C_SOURCE -D_DARWIN_UNLIMITED_SELECT -D_REENTRANT -I/vagrant-installer/staging/embedded/include   -DNOKOGIRI_LIBXML2_PATH\=\"/Applications/Vagrant/embedded/lib/ruby/gems/2.0.0/gems/nokogiri-1.6.6.2/ports/x86_64-apple-darwin12.5.0/libxml2/2.9.2\" -DNOKOGIRI_LIBXML2_PATCHES\=\"0001-Revert-Missing-initialization-for-the-catalog-module.patch\ 0002-Fix-missing-entities-after-CVE-2014-3660-fix.patch\" -DNOKOGIRI_LIBXSLT_PATH\=\"/Applications/Vagrant/embedded/lib/ruby/gems/2.0.0/gems/nokogiri-1.6.6.2/ports/x86_64-apple-darwin12.5.0/libxslt/1.1.28\" -DNOKOGIRI_LIBXSLT_PATCHES\=\"0001-Adding-doc-update-related-to-1.1.28.patch\ 0002-Fix-a-couple-of-places-where-f-printf-parameters-wer.patch\ 0003-Initialize-pseudo-random-number-generator-with-curre.patch\ 0004-EXSLT-function-str-replace-is-broken-as-is.patch\ 0006-Fix-str-padding-to-work-with-UTF-8-strings.patch\ 0007-Separate-function-for-predicate-matching-in-patterns.patch\ 0008-Fix-direct-pattern-matching.patch\ 0009-Fix-certain-patterns-with-predicates.patch\ 0010-Fix-handling-of-UTF-8-strings-in-EXSLT-crypto-module.patch\ 0013-Memory-leak-in-xsltCompileIdKeyPattern-error-path.patch\ 0014-Fix-for-bug-436589.patch\ 0015-Fix-mkdir-for-mingw.patch\" -I/vagrant-installer/staging/embedded/include -fno-common -pipe  -DNOKOGIRI_USE_PACKAGED_LIBRARIES conftest.c  -L. -L/Applications/Vagrant/embedded/lib -L/Applications/Vagrant/embedded/lib/ruby/gems/2.0.0/gems/nokogiri-1.6.6.2/ports/x86_64-apple-darwin12.5.0/libxml2/2.9.2/lib -L/Applications/Vagrant/embedded/lib/ruby/gems/2.0.0/gems/nokogiri-1.6.6.2/ports/x86_64-apple-darwin12.5.0/libxslt/1.1.28/lib -L/vagrant-installer/staging/embedded/lib -L. -L/vagrant-installer/staging/embedded/lib  -Wl,-rpath,@loader_path/../lib -Wl,-rpath,@executable_path/../lib -fstack-protector -L/vagrant-installer/staging/embedded/lib    -arch x86_64 -arch i386  /Applications/Vagrant/embedded/lib/ruby/gems/2.0.0/gems/nokogiri-1.6.6.2/ports/x86_64-apple-darwin12.5.0/libxslt/1.1.28/lib/libexslt.a -lm -lpthread -lz /Applications/Vagrant/embedded/lib/ruby/gems/2.0.0/gems/nokogiri-1.6.6.2/ports/x86_64-apple-darwin12.5.0/libxml2/2.9.2/lib/libxml2.a /Applications/Vagrant/embedded/lib/ruby/gems/2.0.0/gems/nokogiri-1.6.6.2/ports/x86_64-apple-darwin12.5.0/libxslt/1.1.28/lib/libxslt.a -lm -lpthread -lz /Applications/Vagrant/embedded/lib/ruby/gems/2.0.0/gems/nokogiri-1.6.6.2/ports/x86_64-apple-darwin12.5.0/libxml2/2.9.2/lib/libxml2.a -llzma -lruby.2.0.0 /Applications/Vagrant/embedded/lib/ruby/gems/2.0.0/gems/nokogiri-1.6.6.2/ports/x86_64-apple-darwin12.5.0/libxslt/1.1.28/lib/libexslt.a -lm -lpthread -lz /Applications/Vagrant/embedded/lib/ruby/gems/2.0.0/gems/nokogiri-1.6.6.2/ports/x86_64-apple-darwin12.5.0/libxml2/2.9.2/lib/libxml2.a /Applications/Vagrant/embedded/lib/ruby/gems/2.0.0/gems/nokogiri-1.6.6.2/ports/x86_64-apple-darwin12.5.0/libxslt/1.1.28/lib/libxslt.a -lm -lpthread -lz /Applications/Vagrant/embedded/lib/ruby/gems/2.0.0/gems/nokogiri-1.6.6.2/ports/x86_64-apple-darwin12.5.0/libxml2/2.9.2/lib/libxml2.a -llzma -lpthread -ldl -lobjc  "
conftest.c:7:57: error: use of undeclared identifier 'xsltParseStylesheetDoc'
int t(void) { void ((*volatile p)()); p = (void ((*)()))xsltParseStylesheetDoc; return 0; }
                                                        ^
1 error generated.
checked program was:
/* begin */
 1: #include "ruby.h"
 2: 
 3: #include <libxslt/xslt.h>
 4: 
 5: /*top*/
 6: extern int t(void);
 7: int t(void) { void ((*volatile p)()); p = (void ((*)()))xsltParseStylesheetDoc; return 0; }
 8: int main(int argc, char **argv)
 9: {
10:   if (argc > 1000000) {
11:     printf("%p", &t);
12:   }
13: 
14:   return 0;
15: }
/* end */

"clang -o conftest -I/Applications/Vagrant/embedded/include/ruby-2.0.0/universal-darwin12.5.0 -I/Applications/Vagrant/embedded/include/ruby-2.0.0/ruby/backward -I/Applications/Vagrant/embedded/include/ruby-2.0.0 -I. -I/Applications/Vagrant/embedded/lib/ruby/gems/2.0.0/gems/nokogiri-1.6.6.2/ports/x86_64-apple-darwin12.5.0/libxslt/1.1.28/include -I/Applications/Vagrant/embedded/lib/ruby/gems/2.0.0/gems/nokogiri-1.6.6.2/ports/x86_64-apple-darwin12.5.0/libxml2/2.9.2/include/libxml2 -I/Applications/Vagrant/embedded/lib/ruby/gems/2.0.0/gems/nokogiri-1.6.6.2/ports/x86_64-apple-darwin12.5.0/libxml2/2.9.2/include/libxml2 -D_XOPEN_SOURCE -D_DARWIN_C_SOURCE -D_DARWIN_UNLIMITED_SELECT -D_REENTRANT -I/vagrant-installer/staging/embedded/include   -DNOKOGIRI_LIBXML2_PATH\=\"/Applications/Vagrant/embedded/lib/ruby/gems/2.0.0/gems/nokogiri-1.6.6.2/ports/x86_64-apple-darwin12.5.0/libxml2/2.9.2\" -DNOKOGIRI_LIBXML2_PATCHES\=\"0001-Revert-Missing-initialization-for-the-catalog-module.patch\ 0002-Fix-missing-entities-after-CVE-2014-3660-fix.patch\" -DNOKOGIRI_LIBXSLT_PATH\=\"/Applications/Vagrant/embedded/lib/ruby/gems/2.0.0/gems/nokogiri-1.6.6.2/ports/x86_64-apple-darwin12.5.0/libxslt/1.1.28\" -DNOKOGIRI_LIBXSLT_PATCHES\=\"0001-Adding-doc-update-related-to-1.1.28.patch\ 0002-Fix-a-couple-of-places-where-f-printf-parameters-wer.patch\ 0003-Initialize-pseudo-random-number-generator-with-curre.patch\ 0004-EXSLT-function-str-replace-is-broken-as-is.patch\ 0006-Fix-str-padding-to-work-with-UTF-8-strings.patch\ 0007-Separate-function-for-predicate-matching-in-patterns.patch\ 0008-Fix-direct-pattern-matching.patch\ 0009-Fix-certain-patterns-with-predicates.patch\ 0010-Fix-handling-of-UTF-8-strings-in-EXSLT-crypto-module.patch\ 0013-Memory-leak-in-xsltCompileIdKeyPattern-error-path.patch\ 0014-Fix-for-bug-436589.patch\ 0015-Fix-mkdir-for-mingw.patch\" -I/vagrant-installer/staging/embedded/include -fno-common -pipe  -DNOKOGIRI_USE_PACKAGED_LIBRARIES conftest.c  -L. -L/Applications/Vagrant/embedded/lib -L/Applications/Vagrant/embedded/lib/ruby/gems/2.0.0/gems/nokogiri-1.6.6.2/ports/x86_64-apple-darwin12.5.0/libxml2/2.9.2/lib -L/Applications/Vagrant/embedded/lib/ruby/gems/2.0.0/gems/nokogiri-1.6.6.2/ports/x86_64-apple-darwin12.5.0/libxslt/1.1.28/lib -L/vagrant-installer/staging/embedded/lib -L. -L/vagrant-installer/staging/embedded/lib  -Wl,-rpath,@loader_path/../lib -Wl,-rpath,@executable_path/../lib -fstack-protector -L/vagrant-installer/staging/embedded/lib    -arch x86_64 -arch i386  /Applications/Vagrant/embedded/lib/ruby/gems/2.0.0/gems/nokogiri-1.6.6.2/ports/x86_64-apple-darwin12.5.0/libxslt/1.1.28/lib/libexslt.a -lm -lpthread -lz /Applications/Vagrant/embedded/lib/ruby/gems/2.0.0/gems/nokogiri-1.6.6.2/ports/x86_64-apple-darwin12.5.0/libxml2/2.9.2/lib/libxml2.a /Applications/Vagrant/embedded/lib/ruby/gems/2.0.0/gems/nokogiri-1.6.6.2/ports/x86_64-apple-darwin12.5.0/libxslt/1.1.28/lib/libxslt.a -lm -lpthread -lz /Applications/Vagrant/embedded/lib/ruby/gems/2.0.0/gems/nokogiri-1.6.6.2/ports/x86_64-apple-darwin12.5.0/libxml2/2.9.2/lib/libxml2.a -llzma -lruby.2.0.0 /Applications/Vagrant/embedded/lib/ruby/gems/2.0.0/gems/nokogiri-1.6.6.2/ports/x86_64-apple-darwin12.5.0/libxslt/1.1.28/lib/libexslt.a -lm -lpthread -lz /Applications/Vagrant/embedded/lib/ruby/gems/2.0.0/gems/nokogiri-1.6.6.2/ports/x86_64-apple-darwin12.5.0/libxml2/2.9.2/lib/libxml2.a /Applications/Vagrant/embedded/lib/ruby/gems/2.0.0/gems/nokogiri-1.6.6.2/ports/x86_64-apple-darwin12.5.0/libxslt/1.1.28/lib/libxslt.a -lm -lpthread -lz /Applications/Vagrant/embedded/lib/ruby/gems/2.0.0/gems/nokogiri-1.6.6.2/ports/x86_64-apple-darwin12.5.0/libxml2/2.9.2/lib/libxml2.a -llzma -lpthread -ldl -lobjc  "
conftest.c:7:15: warning: implicit declaration of function 'xsltParseStylesheetDoc' is invalid in C99 [-Wimplicit-function-declaration]
int t(void) { xsltParseStylesheetDoc(); return 0; }
              ^
1 warning generated.
ld: warning: directory not found for option '-L/vagrant-installer/staging/embedded/lib'
ld: warning: directory not found for option '-L/vagrant-installer/staging/embedded/lib'
ld: warning: directory not found for option '-L/vagrant-installer/staging/embedded/lib'
conftest.c:7:15: warning: implicit declaration of function 'xsltParseStylesheetDoc' is invalid in C99 [-Wimplicit-function-declaration]
int t(void) { xsltParseStylesheetDoc(); return 0; }
              ^
1 warning generated.
ld: warning: directory not found for option '-L/vagrant-installer/staging/embedded/lib'
ld: warning: directory not found for option '-L/vagrant-installer/staging/embedded/lib'
ld: warning: directory not found for option '-L/vagrant-installer/staging/embedded/lib'
checked program was:
/* begin */
 1: #include "ruby.h"
 2: 
 3: #include <libxslt/xslt.h>
 4: 
 5: /*top*/
 6: extern int t(void);
 7: int t(void) { xsltParseStylesheetDoc(); return 0; }
 8: int main(int argc, char **argv)
 9: {
10:   if (argc > 1000000) {
11:     printf("%p", &t);
12:   }
13: 
14:   return 0;
15: }
/* end */

--------------------

have_func: checking for exsltFuncRegister() in libexslt/exslt.h... -------------------- yes

"clang -o conftest -I/Applications/Vagrant/embedded/include/ruby-2.0.0/universal-darwin12.5.0 -I/Applications/Vagrant/embedded/include/ruby-2.0.0/ruby/backward -I/Applications/Vagrant/embedded/include/ruby-2.0.0 -I. -I/Applications/Vagrant/embedded/lib/ruby/gems/2.0.0/gems/nokogiri-1.6.6.2/ports/x86_64-apple-darwin12.5.0/libxslt/1.1.28/include -I/Applications/Vagrant/embedded/lib/ruby/gems/2.0.0/gems/nokogiri-1.6.6.2/ports/x86_64-apple-darwin12.5.0/libxml2/2.9.2/include/libxml2 -I/Applications/Vagrant/embedded/lib/ruby/gems/2.0.0/gems/nokogiri-1.6.6.2/ports/x86_64-apple-darwin12.5.0/libxml2/2.9.2/include/libxml2 -D_XOPEN_SOURCE -D_DARWIN_C_SOURCE -D_DARWIN_UNLIMITED_SELECT -D_REENTRANT -I/vagrant-installer/staging/embedded/include   -DNOKOGIRI_LIBXML2_PATH\=\"/Applications/Vagrant/embedded/lib/ruby/gems/2.0.0/gems/nokogiri-1.6.6.2/ports/x86_64-apple-darwin12.5.0/libxml2/2.9.2\" -DNOKOGIRI_LIBXML2_PATCHES\=\"0001-Revert-Missing-initialization-for-the-catalog-module.patch\ 0002-Fix-missing-entities-after-CVE-2014-3660-fix.patch\" -DNOKOGIRI_LIBXSLT_PATH\=\"/Applications/Vagrant/embedded/lib/ruby/gems/2.0.0/gems/nokogiri-1.6.6.2/ports/x86_64-apple-darwin12.5.0/libxslt/1.1.28\" -DNOKOGIRI_LIBXSLT_PATCHES\=\"0001-Adding-doc-update-related-to-1.1.28.patch\ 0002-Fix-a-couple-of-places-where-f-printf-parameters-wer.patch\ 0003-Initialize-pseudo-random-number-generator-with-curre.patch\ 0004-EXSLT-function-str-replace-is-broken-as-is.patch\ 0006-Fix-str-padding-to-work-with-UTF-8-strings.patch\ 0007-Separate-function-for-predicate-matching-in-patterns.patch\ 0008-Fix-direct-pattern-matching.patch\ 0009-Fix-certain-patterns-with-predicates.patch\ 0010-Fix-handling-of-UTF-8-strings-in-EXSLT-crypto-module.patch\ 0013-Memory-leak-in-xsltCompileIdKeyPattern-error-path.patch\ 0014-Fix-for-bug-436589.patch\ 0015-Fix-mkdir-for-mingw.patch\" -I/vagrant-installer/staging/embedded/include -fno-common -pipe  -DNOKOGIRI_USE_PACKAGED_LIBRARIES conftest.c  -L. -L/Applications/Vagrant/embedded/lib -L/Applications/Vagrant/embedded/lib/ruby/gems/2.0.0/gems/nokogiri-1.6.6.2/ports/x86_64-apple-darwin12.5.0/libxml2/2.9.2/lib -L/Applications/Vagrant/embedded/lib/ruby/gems/2.0.0/gems/nokogiri-1.6.6.2/ports/x86_64-apple-darwin12.5.0/libxslt/1.1.28/lib -L/vagrant-installer/staging/embedded/lib -L. -L/vagrant-installer/staging/embedded/lib  -Wl,-rpath,@loader_path/../lib -Wl,-rpath,@executable_path/../lib -fstack-protector -L/vagrant-installer/staging/embedded/lib    -arch x86_64 -arch i386  /Applications/Vagrant/embedded/lib/ruby/gems/2.0.0/gems/nokogiri-1.6.6.2/ports/x86_64-apple-darwin12.5.0/libxslt/1.1.28/lib/libexslt.a -lm -lpthread -lz /Applications/Vagrant/embedded/lib/ruby/gems/2.0.0/gems/nokogiri-1.6.6.2/ports/x86_64-apple-darwin12.5.0/libxml2/2.9.2/lib/libxml2.a /Applications/Vagrant/embedded/lib/ruby/gems/2.0.0/gems/nokogiri-1.6.6.2/ports/x86_64-apple-darwin12.5.0/libxslt/1.1.28/lib/libxslt.a -lm -lpthread -lz /Applications/Vagrant/embedded/lib/ruby/gems/2.0.0/gems/nokogiri-1.6.6.2/ports/x86_64-apple-darwin12.5.0/libxml2/2.9.2/lib/libxml2.a -llzma -lruby.2.0.0 /Applications/Vagrant/embedded/lib/ruby/gems/2.0.0/gems/nokogiri-1.6.6.2/ports/x86_64-apple-darwin12.5.0/libxslt/1.1.28/lib/libexslt.a -lm -lpthread -lz /Applications/Vagrant/embedded/lib/ruby/gems/2.0.0/gems/nokogiri-1.6.6.2/ports/x86_64-apple-darwin12.5.0/libxml2/2.9.2/lib/libxml2.a /Applications/Vagrant/embedded/lib/ruby/gems/2.0.0/gems/nokogiri-1.6.6.2/ports/x86_64-apple-darwin12.5.0/libxslt/1.1.28/lib/libxslt.a -lm -lpthread -lz /Applications/Vagrant/embedded/lib/ruby/gems/2.0.0/gems/nokogiri-1.6.6.2/ports/x86_64-apple-darwin12.5.0/libxml2/2.9.2/lib/libxml2.a -llzma -lpthread -ldl -lobjc  "
ld: warning: directory not found for option '-L/vagrant-installer/staging/embedded/lib'
ld: warning: directory not found for option '-L/vagrant-installer/staging/embedded/lib'
ld: warning: directory not found for option '-L/vagrant-installer/staging/embedded/lib'
ld: warning: directory not found for option '-L/vagrant-installer/staging/embedded/lib'
ld: warning: directory not found for option '-L/vagrant-installer/staging/embedded/lib'
ld: warning: directory not found for option '-L/vagrant-installer/staging/embedded/lib'
checked program was:
/* begin */
 1: #include "ruby.h"
 2: 
 3: #include <libexslt/exslt.h>
 4: 
 5: /*top*/
 6: extern int t(void);
 7: int t(void) { void ((*volatile p)()); p = (void ((*)()))exsltFuncRegister; return 0; }
 8: int main(int argc, char **argv)
 9: {
10:   if (argc > 1000000) {
11:     printf("%p", &t);
12:   }
13: 
14:   return 0;
15: }
/* end */

--------------------

have_func: checking for xmlHasFeature()... -------------------- yes

"clang -o conftest -I/Applications/Vagrant/embedded/include/ruby-2.0.0/universal-darwin12.5.0 -I/Applications/Vagrant/embedded/include/ruby-2.0.0/ruby/backward -I/Applications/Vagrant/embedded/include/ruby-2.0.0 -I. -I/Applications/Vagrant/embedded/lib/ruby/gems/2.0.0/gems/nokogiri-1.6.6.2/ports/x86_64-apple-darwin12.5.0/libxslt/1.1.28/include -I/Applications/Vagrant/embedded/lib/ruby/gems/2.0.0/gems/nokogiri-1.6.6.2/ports/x86_64-apple-darwin12.5.0/libxml2/2.9.2/include/libxml2 -I/Applications/Vagrant/embedded/lib/ruby/gems/2.0.0/gems/nokogiri-1.6.6.2/ports/x86_64-apple-darwin12.5.0/libxml2/2.9.2/include/libxml2 -D_XOPEN_SOURCE -D_DARWIN_C_SOURCE -D_DARWIN_UNLIMITED_SELECT -D_REENTRANT -I/vagrant-installer/staging/embedded/include   -DNOKOGIRI_LIBXML2_PATH\=\"/Applications/Vagrant/embedded/lib/ruby/gems/2.0.0/gems/nokogiri-1.6.6.2/ports/x86_64-apple-darwin12.5.0/libxml2/2.9.2\" -DNOKOGIRI_LIBXML2_PATCHES\=\"0001-Revert-Missing-initialization-for-the-catalog-module.patch\ 0002-Fix-missing-entities-after-CVE-2014-3660-fix.patch\" -DNOKOGIRI_LIBXSLT_PATH\=\"/Applications/Vagrant/embedded/lib/ruby/gems/2.0.0/gems/nokogiri-1.6.6.2/ports/x86_64-apple-darwin12.5.0/libxslt/1.1.28\" -DNOKOGIRI_LIBXSLT_PATCHES\=\"0001-Adding-doc-update-related-to-1.1.28.patch\ 0002-Fix-a-couple-of-places-where-f-printf-parameters-wer.patch\ 0003-Initialize-pseudo-random-number-generator-with-curre.patch\ 0004-EXSLT-function-str-replace-is-broken-as-is.patch\ 0006-Fix-str-padding-to-work-with-UTF-8-strings.patch\ 0007-Separate-function-for-predicate-matching-in-patterns.patch\ 0008-Fix-direct-pattern-matching.patch\ 0009-Fix-certain-patterns-with-predicates.patch\ 0010-Fix-handling-of-UTF-8-strings-in-EXSLT-crypto-module.patch\ 0013-Memory-leak-in-xsltCompileIdKeyPattern-error-path.patch\ 0014-Fix-for-bug-436589.patch\ 0015-Fix-mkdir-for-mingw.patch\" -I/vagrant-installer/staging/embedded/include -fno-common -pipe  -DNOKOGIRI_USE_PACKAGED_LIBRARIES conftest.c  -L. -L/Applications/Vagrant/embedded/lib -L/Applications/Vagrant/embedded/lib/ruby/gems/2.0.0/gems/nokogiri-1.6.6.2/ports/x86_64-apple-darwin12.5.0/libxml2/2.9.2/lib -L/Applications/Vagrant/embedded/lib/ruby/gems/2.0.0/gems/nokogiri-1.6.6.2/ports/x86_64-apple-darwin12.5.0/libxslt/1.1.28/lib -L/vagrant-installer/staging/embedded/lib -L. -L/vagrant-installer/staging/embedded/lib  -Wl,-rpath,@loader_path/../lib -Wl,-rpath,@executable_path/../lib -fstack-protector -L/vagrant-installer/staging/embedded/lib    -arch x86_64 -arch i386  /Applications/Vagrant/embedded/lib/ruby/gems/2.0.0/gems/nokogiri-1.6.6.2/ports/x86_64-apple-darwin12.5.0/libxslt/1.1.28/lib/libexslt.a -lm -lpthread -lz /Applications/Vagrant/embedded/lib/ruby/gems/2.0.0/gems/nokogiri-1.6.6.2/ports/x86_64-apple-darwin12.5.0/libxml2/2.9.2/lib/libxml2.a /Applications/Vagrant/embedded/lib/ruby/gems/2.0.0/gems/nokogiri-1.6.6.2/ports/x86_64-apple-darwin12.5.0/libxslt/1.1.28/lib/libxslt.a -lm -lpthread -lz /Applications/Vagrant/embedded/lib/ruby/gems/2.0.0/gems/nokogiri-1.6.6.2/ports/x86_64-apple-darwin12.5.0/libxml2/2.9.2/lib/libxml2.a -llzma -lruby.2.0.0 /Applications/Vagrant/embedded/lib/ruby/gems/2.0.0/gems/nokogiri-1.6.6.2/ports/x86_64-apple-darwin12.5.0/libxslt/1.1.28/lib/libexslt.a -lm -lpthread -lz /Applications/Vagrant/embedded/lib/ruby/gems/2.0.0/gems/nokogiri-1.6.6.2/ports/x86_64-apple-darwin12.5.0/libxml2/2.9.2/lib/libxml2.a /Applications/Vagrant/embedded/lib/ruby/gems/2.0.0/gems/nokogiri-1.6.6.2/ports/x86_64-apple-darwin12.5.0/libxslt/1.1.28/lib/libxslt.a -lm -lpthread -lz /Applications/Vagrant/embedded/lib/ruby/gems/2.0.0/gems/nokogiri-1.6.6.2/ports/x86_64-apple-darwin12.5.0/libxml2/2.9.2/lib/libxml2.a -llzma -lpthread -ldl -lobjc  "
conftest.c:5:57: error: use of undeclared identifier 'xmlHasFeature'
int t(void) { void ((*volatile p)()); p = (void ((*)()))xmlHasFeature; return 0; }
                                                        ^
1 error generated.
checked program was:
/* begin */
 1: #include "ruby.h"
 2: 
 3: /*top*/
 4: extern int t(void);
 5: int t(void) { void ((*volatile p)()); p = (void ((*)()))xmlHasFeature; return 0; }
 6: int main(int argc, char **argv)
 7: {
 8:   if (argc > 1000000) {
 9:     printf("%p", &t);
10:   }
11: 
12:   return 0;
13: }
/* end */

"clang -o conftest -I/Applications/Vagrant/embedded/include/ruby-2.0.0/universal-darwin12.5.0 -I/Applications/Vagrant/embedded/include/ruby-2.0.0/ruby/backward -I/Applications/Vagrant/embedded/include/ruby-2.0.0 -I. -I/Applications/Vagrant/embedded/lib/ruby/gems/2.0.0/gems/nokogiri-1.6.6.2/ports/x86_64-apple-darwin12.5.0/libxslt/1.1.28/include -I/Applications/Vagrant/embedded/lib/ruby/gems/2.0.0/gems/nokogiri-1.6.6.2/ports/x86_64-apple-darwin12.5.0/libxml2/2.9.2/include/libxml2 -I/Applications/Vagrant/embedded/lib/ruby/gems/2.0.0/gems/nokogiri-1.6.6.2/ports/x86_64-apple-darwin12.5.0/libxml2/2.9.2/include/libxml2 -D_XOPEN_SOURCE -D_DARWIN_C_SOURCE -D_DARWIN_UNLIMITED_SELECT -D_REENTRANT -I/vagrant-installer/staging/embedded/include   -DNOKOGIRI_LIBXML2_PATH\=\"/Applications/Vagrant/embedded/lib/ruby/gems/2.0.0/gems/nokogiri-1.6.6.2/ports/x86_64-apple-darwin12.5.0/libxml2/2.9.2\" -DNOKOGIRI_LIBXML2_PATCHES\=\"0001-Revert-Missing-initialization-for-the-catalog-module.patch\ 0002-Fix-missing-entities-after-CVE-2014-3660-fix.patch\" -DNOKOGIRI_LIBXSLT_PATH\=\"/Applications/Vagrant/embedded/lib/ruby/gems/2.0.0/gems/nokogiri-1.6.6.2/ports/x86_64-apple-darwin12.5.0/libxslt/1.1.28\" -DNOKOGIRI_LIBXSLT_PATCHES\=\"0001-Adding-doc-update-related-to-1.1.28.patch\ 0002-Fix-a-couple-of-places-where-f-printf-parameters-wer.patch\ 0003-Initialize-pseudo-random-number-generator-with-curre.patch\ 0004-EXSLT-function-str-replace-is-broken-as-is.patch\ 0006-Fix-str-padding-to-work-with-UTF-8-strings.patch\ 0007-Separate-function-for-predicate-matching-in-patterns.patch\ 0008-Fix-direct-pattern-matching.patch\ 0009-Fix-certain-patterns-with-predicates.patch\ 0010-Fix-handling-of-UTF-8-strings-in-EXSLT-crypto-module.patch\ 0013-Memory-leak-in-xsltCompileIdKeyPattern-error-path.patch\ 0014-Fix-for-bug-436589.patch\ 0015-Fix-mkdir-for-mingw.patch\" -I/vagrant-installer/staging/embedded/include -fno-common -pipe  -DNOKOGIRI_USE_PACKAGED_LIBRARIES conftest.c  -L. -L/Applications/Vagrant/embedded/lib -L/Applications/Vagrant/embedded/lib/ruby/gems/2.0.0/gems/nokogiri-1.6.6.2/ports/x86_64-apple-darwin12.5.0/libxml2/2.9.2/lib -L/Applications/Vagrant/embedded/lib/ruby/gems/2.0.0/gems/nokogiri-1.6.6.2/ports/x86_64-apple-darwin12.5.0/libxslt/1.1.28/lib -L/vagrant-installer/staging/embedded/lib -L. -L/vagrant-installer/staging/embedded/lib  -Wl,-rpath,@loader_path/../lib -Wl,-rpath,@executable_path/../lib -fstack-protector -L/vagrant-installer/staging/embedded/lib    -arch x86_64 -arch i386  /Applications/Vagrant/embedded/lib/ruby/gems/2.0.0/gems/nokogiri-1.6.6.2/ports/x86_64-apple-darwin12.5.0/libxslt/1.1.28/lib/libexslt.a -lm -lpthread -lz /Applications/Vagrant/embedded/lib/ruby/gems/2.0.0/gems/nokogiri-1.6.6.2/ports/x86_64-apple-darwin12.5.0/libxml2/2.9.2/lib/libxml2.a /Applications/Vagrant/embedded/lib/ruby/gems/2.0.0/gems/nokogiri-1.6.6.2/ports/x86_64-apple-darwin12.5.0/libxslt/1.1.28/lib/libxslt.a -lm -lpthread -lz /Applications/Vagrant/embedded/lib/ruby/gems/2.0.0/gems/nokogiri-1.6.6.2/ports/x86_64-apple-darwin12.5.0/libxml2/2.9.2/lib/libxml2.a -llzma -lruby.2.0.0 /Applications/Vagrant/embedded/lib/ruby/gems/2.0.0/gems/nokogiri-1.6.6.2/ports/x86_64-apple-darwin12.5.0/libxslt/1.1.28/lib/libexslt.a -lm -lpthread -lz /Applications/Vagrant/embedded/lib/ruby/gems/2.0.0/gems/nokogiri-1.6.6.2/ports/x86_64-apple-darwin12.5.0/libxml2/2.9.2/lib/libxml2.a /Applications/Vagrant/embedded/lib/ruby/gems/2.0.0/gems/nokogiri-1.6.6.2/ports/x86_64-apple-darwin12.5.0/libxslt/1.1.28/lib/libxslt.a -lm -lpthread -lz /Applications/Vagrant/embedded/lib/ruby/gems/2.0.0/gems/nokogiri-1.6.6.2/ports/x86_64-apple-darwin12.5.0/libxml2/2.9.2/lib/libxml2.a -llzma -lpthread -ldl -lobjc  "
conftest.c:5:15: warning: implicit declaration of function 'xmlHasFeature' is invalid in C99 [-Wimplicit-function-declaration]
int t(void) { xmlHasFeature(); return 0; }
              ^
1 warning generated.
ld: warning: directory not found for option '-L/vagrant-installer/staging/embedded/lib'
ld: warning: directory not found for option '-L/vagrant-installer/staging/embedded/lib'
ld: warning: directory not found for option '-L/vagrant-installer/staging/embedded/lib'
conftest.c:5:15: warning: implicit declaration of function 'xmlHasFeature' is invalid in C99 [-Wimplicit-function-declaration]
int t(void) { xmlHasFeature(); return 0; }
              ^
1 warning generated.
ld: warning: directory not found for option '-L/vagrant-installer/staging/embedded/lib'
ld: warning: directory not found for option '-L/vagrant-installer/staging/embedded/lib'
ld: warning: directory not found for option '-L/vagrant-installer/staging/embedded/lib'
checked program was:
/* begin */
 1: #include "ruby.h"
 2: 
 3: /*top*/
 4: extern int t(void);
 5: int t(void) { xmlHasFeature(); return 0; }
 6: int main(int argc, char **argv)
 7: {
 8:   if (argc > 1000000) {
 9:     printf("%p", &t);
10:   }
11: 
12:   return 0;
13: }
/* end */

--------------------

have_func: checking for xmlFirstElementChild()... -------------------- yes

"clang -o conftest -I/Applications/Vagrant/embedded/include/ruby-2.0.0/universal-darwin12.5.0 -I/Applications/Vagrant/embedded/include/ruby-2.0.0/ruby/backward -I/Applications/Vagrant/embedded/include/ruby-2.0.0 -I. -I/Applications/Vagrant/embedded/lib/ruby/gems/2.0.0/gems/nokogiri-1.6.6.2/ports/x86_64-apple-darwin12.5.0/libxslt/1.1.28/include -I/Applications/Vagrant/embedded/lib/ruby/gems/2.0.0/gems/nokogiri-1.6.6.2/ports/x86_64-apple-darwin12.5.0/libxml2/2.9.2/include/libxml2 -I/Applications/Vagrant/embedded/lib/ruby/gems/2.0.0/gems/nokogiri-1.6.6.2/ports/x86_64-apple-darwin12.5.0/libxml2/2.9.2/include/libxml2 -D_XOPEN_SOURCE -D_DARWIN_C_SOURCE -D_DARWIN_UNLIMITED_SELECT -D_REENTRANT -I/vagrant-installer/staging/embedded/include   -DNOKOGIRI_LIBXML2_PATH\=\"/Applications/Vagrant/embedded/lib/ruby/gems/2.0.0/gems/nokogiri-1.6.6.2/ports/x86_64-apple-darwin12.5.0/libxml2/2.9.2\" -DNOKOGIRI_LIBXML2_PATCHES\=\"0001-Revert-Missing-initialization-for-the-catalog-module.patch\ 0002-Fix-missing-entities-after-CVE-2014-3660-fix.patch\" -DNOKOGIRI_LIBXSLT_PATH\=\"/Applications/Vagrant/embedded/lib/ruby/gems/2.0.0/gems/nokogiri-1.6.6.2/ports/x86_64-apple-darwin12.5.0/libxslt/1.1.28\" -DNOKOGIRI_LIBXSLT_PATCHES\=\"0001-Adding-doc-update-related-to-1.1.28.patch\ 0002-Fix-a-couple-of-places-where-f-printf-parameters-wer.patch\ 0003-Initialize-pseudo-random-number-generator-with-curre.patch\ 0004-EXSLT-function-str-replace-is-broken-as-is.patch\ 0006-Fix-str-padding-to-work-with-UTF-8-strings.patch\ 0007-Separate-function-for-predicate-matching-in-patterns.patch\ 0008-Fix-direct-pattern-matching.patch\ 0009-Fix-certain-patterns-with-predicates.patch\ 0010-Fix-handling-of-UTF-8-strings-in-EXSLT-crypto-module.patch\ 0013-Memory-leak-in-xsltCompileIdKeyPattern-error-path.patch\ 0014-Fix-for-bug-436589.patch\ 0015-Fix-mkdir-for-mingw.patch\" -I/vagrant-installer/staging/embedded/include -fno-common -pipe  -DNOKOGIRI_USE_PACKAGED_LIBRARIES conftest.c  -L. -L/Applications/Vagrant/embedded/lib -L/Applications/Vagrant/embedded/lib/ruby/gems/2.0.0/gems/nokogiri-1.6.6.2/ports/x86_64-apple-darwin12.5.0/libxml2/2.9.2/lib -L/Applications/Vagrant/embedded/lib/ruby/gems/2.0.0/gems/nokogiri-1.6.6.2/ports/x86_64-apple-darwin12.5.0/libxslt/1.1.28/lib -L/vagrant-installer/staging/embedded/lib -L. -L/vagrant-installer/staging/embedded/lib  -Wl,-rpath,@loader_path/../lib -Wl,-rpath,@executable_path/../lib -fstack-protector -L/vagrant-installer/staging/embedded/lib    -arch x86_64 -arch i386  /Applications/Vagrant/embedded/lib/ruby/gems/2.0.0/gems/nokogiri-1.6.6.2/ports/x86_64-apple-darwin12.5.0/libxslt/1.1.28/lib/libexslt.a -lm -lpthread -lz /Applications/Vagrant/embedded/lib/ruby/gems/2.0.0/gems/nokogiri-1.6.6.2/ports/x86_64-apple-darwin12.5.0/libxml2/2.9.2/lib/libxml2.a /Applications/Vagrant/embedded/lib/ruby/gems/2.0.0/gems/nokogiri-1.6.6.2/ports/x86_64-apple-darwin12.5.0/libxslt/1.1.28/lib/libxslt.a -lm -lpthread -lz /Applications/Vagrant/embedded/lib/ruby/gems/2.0.0/gems/nokogiri-1.6.6.2/ports/x86_64-apple-darwin12.5.0/libxml2/2.9.2/lib/libxml2.a -llzma -lruby.2.0.0 /Applications/Vagrant/embedded/lib/ruby/gems/2.0.0/gems/nokogiri-1.6.6.2/ports/x86_64-apple-darwin12.5.0/libxslt/1.1.28/lib/libexslt.a -lm -lpthread -lz /Applications/Vagrant/embedded/lib/ruby/gems/2.0.0/gems/nokogiri-1.6.6.2/ports/x86_64-apple-darwin12.5.0/libxml2/2.9.2/lib/libxml2.a /Applications/Vagrant/embedded/lib/ruby/gems/2.0.0/gems/nokogiri-1.6.6.2/ports/x86_64-apple-darwin12.5.0/libxslt/1.1.28/lib/libxslt.a -lm -lpthread -lz /Applications/Vagrant/embedded/lib/ruby/gems/2.0.0/gems/nokogiri-1.6.6.2/ports/x86_64-apple-darwin12.5.0/libxml2/2.9.2/lib/libxml2.a -llzma -lpthread -ldl -lobjc  "
conftest.c:5:57: error: use of undeclared identifier 'xmlFirstElementChild'
int t(void) { void ((*volatile p)()); p = (void ((*)()))xmlFirstElementChild; return 0; }
                                                        ^
1 error generated.
checked program was:
/* begin */
 1: #include "ruby.h"
 2: 
 3: /*top*/
 4: extern int t(void);
 5: int t(void) { void ((*volatile p)()); p = (void ((*)()))xmlFirstElementChild; return 0; }
 6: int main(int argc, char **argv)
 7: {
 8:   if (argc > 1000000) {
 9:     printf("%p", &t);
10:   }
11: 
12:   return 0;
13: }
/* end */

"clang -o conftest -I/Applications/Vagrant/embedded/include/ruby-2.0.0/universal-darwin12.5.0 -I/Applications/Vagrant/embedded/include/ruby-2.0.0/ruby/backward -I/Applications/Vagrant/embedded/include/ruby-2.0.0 -I. -I/Applications/Vagrant/embedded/lib/ruby/gems/2.0.0/gems/nokogiri-1.6.6.2/ports/x86_64-apple-darwin12.5.0/libxslt/1.1.28/include -I/Applications/Vagrant/embedded/lib/ruby/gems/2.0.0/gems/nokogiri-1.6.6.2/ports/x86_64-apple-darwin12.5.0/libxml2/2.9.2/include/libxml2 -I/Applications/Vagrant/embedded/lib/ruby/gems/2.0.0/gems/nokogiri-1.6.6.2/ports/x86_64-apple-darwin12.5.0/libxml2/2.9.2/include/libxml2 -D_XOPEN_SOURCE -D_DARWIN_C_SOURCE -D_DARWIN_UNLIMITED_SELECT -D_REENTRANT -I/vagrant-installer/staging/embedded/include   -DNOKOGIRI_LIBXML2_PATH\=\"/Applications/Vagrant/embedded/lib/ruby/gems/2.0.0/gems/nokogiri-1.6.6.2/ports/x86_64-apple-darwin12.5.0/libxml2/2.9.2\" -DNOKOGIRI_LIBXML2_PATCHES\=\"0001-Revert-Missing-initialization-for-the-catalog-module.patch\ 0002-Fix-missing-entities-after-CVE-2014-3660-fix.patch\" -DNOKOGIRI_LIBXSLT_PATH\=\"/Applications/Vagrant/embedded/lib/ruby/gems/2.0.0/gems/nokogiri-1.6.6.2/ports/x86_64-apple-darwin12.5.0/libxslt/1.1.28\" -DNOKOGIRI_LIBXSLT_PATCHES\=\"0001-Adding-doc-update-related-to-1.1.28.patch\ 0002-Fix-a-couple-of-places-where-f-printf-parameters-wer.patch\ 0003-Initialize-pseudo-random-number-generator-with-curre.patch\ 0004-EXSLT-function-str-replace-is-broken-as-is.patch\ 0006-Fix-str-padding-to-work-with-UTF-8-strings.patch\ 0007-Separate-function-for-predicate-matching-in-patterns.patch\ 0008-Fix-direct-pattern-matching.patch\ 0009-Fix-certain-patterns-with-predicates.patch\ 0010-Fix-handling-of-UTF-8-strings-in-EXSLT-crypto-module.patch\ 0013-Memory-leak-in-xsltCompileIdKeyPattern-error-path.patch\ 0014-Fix-for-bug-436589.patch\ 0015-Fix-mkdir-for-mingw.patch\" -I/vagrant-installer/staging/embedded/include -fno-common -pipe  -DNOKOGIRI_USE_PACKAGED_LIBRARIES conftest.c  -L. -L/Applications/Vagrant/embedded/lib -L/Applications/Vagrant/embedded/lib/ruby/gems/2.0.0/gems/nokogiri-1.6.6.2/ports/x86_64-apple-darwin12.5.0/libxml2/2.9.2/lib -L/Applications/Vagrant/embedded/lib/ruby/gems/2.0.0/gems/nokogiri-1.6.6.2/ports/x86_64-apple-darwin12.5.0/libxslt/1.1.28/lib -L/vagrant-installer/staging/embedded/lib -L. -L/vagrant-installer/staging/embedded/lib  -Wl,-rpath,@loader_path/../lib -Wl,-rpath,@executable_path/../lib -fstack-protector -L/vagrant-installer/staging/embedded/lib    -arch x86_64 -arch i386  /Applications/Vagrant/embedded/lib/ruby/gems/2.0.0/gems/nokogiri-1.6.6.2/ports/x86_64-apple-darwin12.5.0/libxslt/1.1.28/lib/libexslt.a -lm -lpthread -lz /Applications/Vagrant/embedded/lib/ruby/gems/2.0.0/gems/nokogiri-1.6.6.2/ports/x86_64-apple-darwin12.5.0/libxml2/2.9.2/lib/libxml2.a /Applications/Vagrant/embedded/lib/ruby/gems/2.0.0/gems/nokogiri-1.6.6.2/ports/x86_64-apple-darwin12.5.0/libxslt/1.1.28/lib/libxslt.a -lm -lpthread -lz /Applications/Vagrant/embedded/lib/ruby/gems/2.0.0/gems/nokogiri-1.6.6.2/ports/x86_64-apple-darwin12.5.0/libxml2/2.9.2/lib/libxml2.a -llzma -lruby.2.0.0 /Applications/Vagrant/embedded/lib/ruby/gems/2.0.0/gems/nokogiri-1.6.6.2/ports/x86_64-apple-darwin12.5.0/libxslt/1.1.28/lib/libexslt.a -lm -lpthread -lz /Applications/Vagrant/embedded/lib/ruby/gems/2.0.0/gems/nokogiri-1.6.6.2/ports/x86_64-apple-darwin12.5.0/libxml2/2.9.2/lib/libxml2.a /Applications/Vagrant/embedded/lib/ruby/gems/2.0.0/gems/nokogiri-1.6.6.2/ports/x86_64-apple-darwin12.5.0/libxslt/1.1.28/lib/libxslt.a -lm -lpthread -lz /Applications/Vagrant/embedded/lib/ruby/gems/2.0.0/gems/nokogiri-1.6.6.2/ports/x86_64-apple-darwin12.5.0/libxml2/2.9.2/lib/libxml2.a -llzma -lpthread -ldl -lobjc  "
conftest.c:5:15: warning: implicit declaration of function 'xmlFirstElementChild' is invalid in C99 [-Wimplicit-function-declaration]
int t(void) { xmlFirstElementChild(); return 0; }
              ^
1 warning generated.
ld: warning: directory not found for option '-L/vagrant-installer/staging/embedded/lib'
ld: warning: directory not found for option '-L/vagrant-installer/staging/embedded/lib'
ld: warning: directory not found for option '-L/vagrant-installer/staging/embedded/lib'
conftest.c:5:15: warning: implicit declaration of function 'xmlFirstElementChild' is invalid in C99 [-Wimplicit-function-declaration]
int t(void) { xmlFirstElementChild(); return 0; }
              ^
1 warning generated.
ld: warning: directory not found for option '-L/vagrant-installer/staging/embedded/lib'
ld: warning: directory not found for option '-L/vagrant-installer/staging/embedded/lib'
ld: warning: directory not found for option '-L/vagrant-installer/staging/embedded/lib'
checked program was:
/* begin */
 1: #include "ruby.h"
 2: 
 3: /*top*/
 4: extern int t(void);
 5: int t(void) { xmlFirstElementChild(); return 0; }
 6: int main(int argc, char **argv)
 7: {
 8:   if (argc > 1000000) {
 9:     printf("%p", &t);
10:   }
11: 
12:   return 0;
13: }
/* end */

--------------------

have_func: checking for xmlRelaxNGSetParserStructuredErrors()... -------------------- yes

"clang -o conftest -I/Applications/Vagrant/embedded/include/ruby-2.0.0/universal-darwin12.5.0 -I/Applications/Vagrant/embedded/include/ruby-2.0.0/ruby/backward -I/Applications/Vagrant/embedded/include/ruby-2.0.0 -I. -I/Applications/Vagrant/embedded/lib/ruby/gems/2.0.0/gems/nokogiri-1.6.6.2/ports/x86_64-apple-darwin12.5.0/libxslt/1.1.28/include -I/Applications/Vagrant/embedded/lib/ruby/gems/2.0.0/gems/nokogiri-1.6.6.2/ports/x86_64-apple-darwin12.5.0/libxml2/2.9.2/include/libxml2 -I/Applications/Vagrant/embedded/lib/ruby/gems/2.0.0/gems/nokogiri-1.6.6.2/ports/x86_64-apple-darwin12.5.0/libxml2/2.9.2/include/libxml2 -D_XOPEN_SOURCE -D_DARWIN_C_SOURCE -D_DARWIN_UNLIMITED_SELECT -D_REENTRANT -I/vagrant-installer/staging/embedded/include   -DNOKOGIRI_LIBXML2_PATH\=\"/Applications/Vagrant/embedded/lib/ruby/gems/2.0.0/gems/nokogiri-1.6.6.2/ports/x86_64-apple-darwin12.5.0/libxml2/2.9.2\" -DNOKOGIRI_LIBXML2_PATCHES\=\"0001-Revert-Missing-initialization-for-the-catalog-module.patch\ 0002-Fix-missing-entities-after-CVE-2014-3660-fix.patch\" -DNOKOGIRI_LIBXSLT_PATH\=\"/Applications/Vagrant/embedded/lib/ruby/gems/2.0.0/gems/nokogiri-1.6.6.2/ports/x86_64-apple-darwin12.5.0/libxslt/1.1.28\" -DNOKOGIRI_LIBXSLT_PATCHES\=\"0001-Adding-doc-update-related-to-1.1.28.patch\ 0002-Fix-a-couple-of-places-where-f-printf-parameters-wer.patch\ 0003-Initialize-pseudo-random-number-generator-with-curre.patch\ 0004-EXSLT-function-str-replace-is-broken-as-is.patch\ 0006-Fix-str-padding-to-work-with-UTF-8-strings.patch\ 0007-Separate-function-for-predicate-matching-in-patterns.patch\ 0008-Fix-direct-pattern-matching.patch\ 0009-Fix-certain-patterns-with-predicates.patch\ 0010-Fix-handling-of-UTF-8-strings-in-EXSLT-crypto-module.patch\ 0013-Memory-leak-in-xsltCompileIdKeyPattern-error-path.patch\ 0014-Fix-for-bug-436589.patch\ 0015-Fix-mkdir-for-mingw.patch\" -I/vagrant-installer/staging/embedded/include -fno-common -pipe  -DNOKOGIRI_USE_PACKAGED_LIBRARIES conftest.c  -L. -L/Applications/Vagrant/embedded/lib -L/Applications/Vagrant/embedded/lib/ruby/gems/2.0.0/gems/nokogiri-1.6.6.2/ports/x86_64-apple-darwin12.5.0/libxml2/2.9.2/lib -L/Applications/Vagrant/embedded/lib/ruby/gems/2.0.0/gems/nokogiri-1.6.6.2/ports/x86_64-apple-darwin12.5.0/libxslt/1.1.28/lib -L/vagrant-installer/staging/embedded/lib -L. -L/vagrant-installer/staging/embedded/lib  -Wl,-rpath,@loader_path/../lib -Wl,-rpath,@executable_path/../lib -fstack-protector -L/vagrant-installer/staging/embedded/lib    -arch x86_64 -arch i386  /Applications/Vagrant/embedded/lib/ruby/gems/2.0.0/gems/nokogiri-1.6.6.2/ports/x86_64-apple-darwin12.5.0/libxslt/1.1.28/lib/libexslt.a -lm -lpthread -lz /Applications/Vagrant/embedded/lib/ruby/gems/2.0.0/gems/nokogiri-1.6.6.2/ports/x86_64-apple-darwin12.5.0/libxml2/2.9.2/lib/libxml2.a /Applications/Vagrant/embedded/lib/ruby/gems/2.0.0/gems/nokogiri-1.6.6.2/ports/x86_64-apple-darwin12.5.0/libxslt/1.1.28/lib/libxslt.a -lm -lpthread -lz /Applications/Vagrant/embedded/lib/ruby/gems/2.0.0/gems/nokogiri-1.6.6.2/ports/x86_64-apple-darwin12.5.0/libxml2/2.9.2/lib/libxml2.a -llzma -lruby.2.0.0 /Applications/Vagrant/embedded/lib/ruby/gems/2.0.0/gems/nokogiri-1.6.6.2/ports/x86_64-apple-darwin12.5.0/libxslt/1.1.28/lib/libexslt.a -lm -lpthread -lz /Applications/Vagrant/embedded/lib/ruby/gems/2.0.0/gems/nokogiri-1.6.6.2/ports/x86_64-apple-darwin12.5.0/libxml2/2.9.2/lib/libxml2.a /Applications/Vagrant/embedded/lib/ruby/gems/2.0.0/gems/nokogiri-1.6.6.2/ports/x86_64-apple-darwin12.5.0/libxslt/1.1.28/lib/libxslt.a -lm -lpthread -lz /Applications/Vagrant/embedded/lib/ruby/gems/2.0.0/gems/nokogiri-1.6.6.2/ports/x86_64-apple-darwin12.5.0/libxml2/2.9.2/lib/libxml2.a -llzma -lpthread -ldl -lobjc  "
conftest.c:5:57: error: use of undeclared identifier 'xmlRelaxNGSetParserStructuredErrors'
int t(void) { void ((*volatile p)()); p = (void ((*)()))xmlRelaxNGSetParserStructuredErrors; return 0; }
                                                        ^
1 error generated.
checked program was:
/* begin */
 1: #include "ruby.h"
 2: 
 3: /*top*/
 4: extern int t(void);
 5: int t(void) { void ((*volatile p)()); p = (void ((*)()))xmlRelaxNGSetParserStructuredErrors; return 0; }
 6: int main(int argc, char **argv)
 7: {
 8:   if (argc > 1000000) {
 9:     printf("%p", &t);
10:   }
11: 
12:   return 0;
13: }
/* end */

"clang -o conftest -I/Applications/Vagrant/embedded/include/ruby-2.0.0/universal-darwin12.5.0 -I/Applications/Vagrant/embedded/include/ruby-2.0.0/ruby/backward -I/Applications/Vagrant/embedded/include/ruby-2.0.0 -I. -I/Applications/Vagrant/embedded/lib/ruby/gems/2.0.0/gems/nokogiri-1.6.6.2/ports/x86_64-apple-darwin12.5.0/libxslt/1.1.28/include -I/Applications/Vagrant/embedded/lib/ruby/gems/2.0.0/gems/nokogiri-1.6.6.2/ports/x86_64-apple-darwin12.5.0/libxml2/2.9.2/include/libxml2 -I/Applications/Vagrant/embedded/lib/ruby/gems/2.0.0/gems/nokogiri-1.6.6.2/ports/x86_64-apple-darwin12.5.0/libxml2/2.9.2/include/libxml2 -D_XOPEN_SOURCE -D_DARWIN_C_SOURCE -D_DARWIN_UNLIMITED_SELECT -D_REENTRANT -I/vagrant-installer/staging/embedded/include   -DNOKOGIRI_LIBXML2_PATH\=\"/Applications/Vagrant/embedded/lib/ruby/gems/2.0.0/gems/nokogiri-1.6.6.2/ports/x86_64-apple-darwin12.5.0/libxml2/2.9.2\" -DNOKOGIRI_LIBXML2_PATCHES\=\"0001-Revert-Missing-initialization-for-the-catalog-module.patch\ 0002-Fix-missing-entities-after-CVE-2014-3660-fix.patch\" -DNOKOGIRI_LIBXSLT_PATH\=\"/Applications/Vagrant/embedded/lib/ruby/gems/2.0.0/gems/nokogiri-1.6.6.2/ports/x86_64-apple-darwin12.5.0/libxslt/1.1.28\" -DNOKOGIRI_LIBXSLT_PATCHES\=\"0001-Adding-doc-update-related-to-1.1.28.patch\ 0002-Fix-a-couple-of-places-where-f-printf-parameters-wer.patch\ 0003-Initialize-pseudo-random-number-generator-with-curre.patch\ 0004-EXSLT-function-str-replace-is-broken-as-is.patch\ 0006-Fix-str-padding-to-work-with-UTF-8-strings.patch\ 0007-Separate-function-for-predicate-matching-in-patterns.patch\ 0008-Fix-direct-pattern-matching.patch\ 0009-Fix-certain-patterns-with-predicates.patch\ 0010-Fix-handling-of-UTF-8-strings-in-EXSLT-crypto-module.patch\ 0013-Memory-leak-in-xsltCompileIdKeyPattern-error-path.patch\ 0014-Fix-for-bug-436589.patch\ 0015-Fix-mkdir-for-mingw.patch\" -I/vagrant-installer/staging/embedded/include -fno-common -pipe  -DNOKOGIRI_USE_PACKAGED_LIBRARIES conftest.c  -L. -L/Applications/Vagrant/embedded/lib -L/Applications/Vagrant/embedded/lib/ruby/gems/2.0.0/gems/nokogiri-1.6.6.2/ports/x86_64-apple-darwin12.5.0/libxml2/2.9.2/lib -L/Applications/Vagrant/embedded/lib/ruby/gems/2.0.0/gems/nokogiri-1.6.6.2/ports/x86_64-apple-darwin12.5.0/libxslt/1.1.28/lib -L/vagrant-installer/staging/embedded/lib -L. -L/vagrant-installer/staging/embedded/lib  -Wl,-rpath,@loader_path/../lib -Wl,-rpath,@executable_path/../lib -fstack-protector -L/vagrant-installer/staging/embedded/lib    -arch x86_64 -arch i386  /Applications/Vagrant/embedded/lib/ruby/gems/2.0.0/gems/nokogiri-1.6.6.2/ports/x86_64-apple-darwin12.5.0/libxslt/1.1.28/lib/libexslt.a -lm -lpthread -lz /Applications/Vagrant/embedded/lib/ruby/gems/2.0.0/gems/nokogiri-1.6.6.2/ports/x86_64-apple-darwin12.5.0/libxml2/2.9.2/lib/libxml2.a /Applications/Vagrant/embedded/lib/ruby/gems/2.0.0/gems/nokogiri-1.6.6.2/ports/x86_64-apple-darwin12.5.0/libxslt/1.1.28/lib/libxslt.a -lm -lpthread -lz /Applications/Vagrant/embedded/lib/ruby/gems/2.0.0/gems/nokogiri-1.6.6.2/ports/x86_64-apple-darwin12.5.0/libxml2/2.9.2/lib/libxml2.a -llzma -lruby.2.0.0 /Applications/Vagrant/embedded/lib/ruby/gems/2.0.0/gems/nokogiri-1.6.6.2/ports/x86_64-apple-darwin12.5.0/libxslt/1.1.28/lib/libexslt.a -lm -lpthread -lz /Applications/Vagrant/embedded/lib/ruby/gems/2.0.0/gems/nokogiri-1.6.6.2/ports/x86_64-apple-darwin12.5.0/libxml2/2.9.2/lib/libxml2.a /Applications/Vagrant/embedded/lib/ruby/gems/2.0.0/gems/nokogiri-1.6.6.2/ports/x86_64-apple-darwin12.5.0/libxslt/1.1.28/lib/libxslt.a -lm -lpthread -lz /Applications/Vagrant/embedded/lib/ruby/gems/2.0.0/gems/nokogiri-1.6.6.2/ports/x86_64-apple-darwin12.5.0/libxml2/2.9.2/lib/libxml2.a -llzma -lpthread -ldl -lobjc  "
conftest.c:5:15: warning: implicit declaration of function 'xmlRelaxNGSetParserStructuredErrors' is invalid in C99 [-Wimplicit-function-declaration]
int t(void) { xmlRelaxNGSetParserStructuredErrors(); return 0; }
              ^
1 warning generated.
ld: warning: directory not found for option '-L/vagrant-installer/staging/embedded/lib'
ld: warning: directory not found for option '-L/vagrant-installer/staging/embedded/lib'
ld: warning: directory not found for option '-L/vagrant-installer/staging/embedded/lib'
conftest.c:5:15: warning: implicit declaration of function 'xmlRelaxNGSetParserStructuredErrors' is invalid in C99 [-Wimplicit-function-declaration]
int t(void) { xmlRelaxNGSetParserStructuredErrors(); return 0; }
              ^
1 warning generated.
ld: warning: directory not found for option '-L/vagrant-installer/staging/embedded/lib'
ld: warning: directory not found for option '-L/vagrant-installer/staging/embedded/lib'
ld: warning: directory not found for option '-L/vagrant-installer/staging/embedded/lib'
checked program was:
/* begin */
 1: #include "ruby.h"
 2: 
 3: /*top*/
 4: extern int t(void);
 5: int t(void) { xmlRelaxNGSetParserStructuredErrors(); return 0; }
 6: int main(int argc, char **argv)
 7: {
 8:   if (argc > 1000000) {
 9:     printf("%p", &t);
10:   }
11: 
12:   return 0;
13: }
/* end */

--------------------

have_func: checking for xmlRelaxNGSetParserStructuredErrors()... -------------------- yes

"clang -o conftest -I/Applications/Vagrant/embedded/include/ruby-2.0.0/universal-darwin12.5.0 -I/Applications/Vagrant/embedded/include/ruby-2.0.0/ruby/backward -I/Applications/Vagrant/embedded/include/ruby-2.0.0 -I. -I/Applications/Vagrant/embedded/lib/ruby/gems/2.0.0/gems/nokogiri-1.6.6.2/ports/x86_64-apple-darwin12.5.0/libxslt/1.1.28/include -I/Applications/Vagrant/embedded/lib/ruby/gems/2.0.0/gems/nokogiri-1.6.6.2/ports/x86_64-apple-darwin12.5.0/libxml2/2.9.2/include/libxml2 -I/Applications/Vagrant/embedded/lib/ruby/gems/2.0.0/gems/nokogiri-1.6.6.2/ports/x86_64-apple-darwin12.5.0/libxml2/2.9.2/include/libxml2 -D_XOPEN_SOURCE -D_DARWIN_C_SOURCE -D_DARWIN_UNLIMITED_SELECT -D_REENTRANT -I/vagrant-installer/staging/embedded/include   -DNOKOGIRI_LIBXML2_PATH\=\"/Applications/Vagrant/embedded/lib/ruby/gems/2.0.0/gems/nokogiri-1.6.6.2/ports/x86_64-apple-darwin12.5.0/libxml2/2.9.2\" -DNOKOGIRI_LIBXML2_PATCHES\=\"0001-Revert-Missing-initialization-for-the-catalog-module.patch\ 0002-Fix-missing-entities-after-CVE-2014-3660-fix.patch\" -DNOKOGIRI_LIBXSLT_PATH\=\"/Applications/Vagrant/embedded/lib/ruby/gems/2.0.0/gems/nokogiri-1.6.6.2/ports/x86_64-apple-darwin12.5.0/libxslt/1.1.28\" -DNOKOGIRI_LIBXSLT_PATCHES\=\"0001-Adding-doc-update-related-to-1.1.28.patch\ 0002-Fix-a-couple-of-places-where-f-printf-parameters-wer.patch\ 0003-Initialize-pseudo-random-number-generator-with-curre.patch\ 0004-EXSLT-function-str-replace-is-broken-as-is.patch\ 0006-Fix-str-padding-to-work-with-UTF-8-strings.patch\ 0007-Separate-function-for-predicate-matching-in-patterns.patch\ 0008-Fix-direct-pattern-matching.patch\ 0009-Fix-certain-patterns-with-predicates.patch\ 0010-Fix-handling-of-UTF-8-strings-in-EXSLT-crypto-module.patch\ 0013-Memory-leak-in-xsltCompileIdKeyPattern-error-path.patch\ 0014-Fix-for-bug-436589.patch\ 0015-Fix-mkdir-for-mingw.patch\" -I/vagrant-installer/staging/embedded/include -fno-common -pipe  -DNOKOGIRI_USE_PACKAGED_LIBRARIES conftest.c  -L. -L/Applications/Vagrant/embedded/lib -L/Applications/Vagrant/embedded/lib/ruby/gems/2.0.0/gems/nokogiri-1.6.6.2/ports/x86_64-apple-darwin12.5.0/libxml2/2.9.2/lib -L/Applications/Vagrant/embedded/lib/ruby/gems/2.0.0/gems/nokogiri-1.6.6.2/ports/x86_64-apple-darwin12.5.0/libxslt/1.1.28/lib -L/vagrant-installer/staging/embedded/lib -L. -L/vagrant-installer/staging/embedded/lib  -Wl,-rpath,@loader_path/../lib -Wl,-rpath,@executable_path/../lib -fstack-protector -L/vagrant-installer/staging/embedded/lib    -arch x86_64 -arch i386  /Applications/Vagrant/embedded/lib/ruby/gems/2.0.0/gems/nokogiri-1.6.6.2/ports/x86_64-apple-darwin12.5.0/libxslt/1.1.28/lib/libexslt.a -lm -lpthread -lz /Applications/Vagrant/embedded/lib/ruby/gems/2.0.0/gems/nokogiri-1.6.6.2/ports/x86_64-apple-darwin12.5.0/libxml2/2.9.2/lib/libxml2.a /Applications/Vagrant/embedded/lib/ruby/gems/2.0.0/gems/nokogiri-1.6.6.2/ports/x86_64-apple-darwin12.5.0/libxslt/1.1.28/lib/libxslt.a -lm -lpthread -lz /Applications/Vagrant/embedded/lib/ruby/gems/2.0.0/gems/nokogiri-1.6.6.2/ports/x86_64-apple-darwin12.5.0/libxml2/2.9.2/lib/libxml2.a -llzma -lruby.2.0.0 /Applications/Vagrant/embedded/lib/ruby/gems/2.0.0/gems/nokogiri-1.6.6.2/ports/x86_64-apple-darwin12.5.0/libxslt/1.1.28/lib/libexslt.a -lm -lpthread -lz /Applications/Vagrant/embedded/lib/ruby/gems/2.0.0/gems/nokogiri-1.6.6.2/ports/x86_64-apple-darwin12.5.0/libxml2/2.9.2/lib/libxml2.a /Applications/Vagrant/embedded/lib/ruby/gems/2.0.0/gems/nokogiri-1.6.6.2/ports/x86_64-apple-darwin12.5.0/libxslt/1.1.28/lib/libxslt.a -lm -lpthread -lz /Applications/Vagrant/embedded/lib/ruby/gems/2.0.0/gems/nokogiri-1.6.6.2/ports/x86_64-apple-darwin12.5.0/libxml2/2.9.2/lib/libxml2.a -llzma -lpthread -ldl -lobjc  "
conftest.c:5:57: error: use of undeclared identifier 'xmlRelaxNGSetParserStructuredErrors'
int t(void) { void ((*volatile p)()); p = (void ((*)()))xmlRelaxNGSetParserStructuredErrors; return 0; }
                                                        ^
1 error generated.
checked program was:
/* begin */
 1: #include "ruby.h"
 2: 
 3: /*top*/
 4: extern int t(void);
 5: int t(void) { void ((*volatile p)()); p = (void ((*)()))xmlRelaxNGSetParserStructuredErrors; return 0; }
 6: int main(int argc, char **argv)
 7: {
 8:   if (argc > 1000000) {
 9:     printf("%p", &t);
10:   }
11: 
12:   return 0;
13: }
/* end */

"clang -o conftest -I/Applications/Vagrant/embedded/include/ruby-2.0.0/universal-darwin12.5.0 -I/Applications/Vagrant/embedded/include/ruby-2.0.0/ruby/backward -I/Applications/Vagrant/embedded/include/ruby-2.0.0 -I. -I/Applications/Vagrant/embedded/lib/ruby/gems/2.0.0/gems/nokogiri-1.6.6.2/ports/x86_64-apple-darwin12.5.0/libxslt/1.1.28/include -I/Applications/Vagrant/embedded/lib/ruby/gems/2.0.0/gems/nokogiri-1.6.6.2/ports/x86_64-apple-darwin12.5.0/libxml2/2.9.2/include/libxml2 -I/Applications/Vagrant/embedded/lib/ruby/gems/2.0.0/gems/nokogiri-1.6.6.2/ports/x86_64-apple-darwin12.5.0/libxml2/2.9.2/include/libxml2 -D_XOPEN_SOURCE -D_DARWIN_C_SOURCE -D_DARWIN_UNLIMITED_SELECT -D_REENTRANT -I/vagrant-installer/staging/embedded/include   -DNOKOGIRI_LIBXML2_PATH\=\"/Applications/Vagrant/embedded/lib/ruby/gems/2.0.0/gems/nokogiri-1.6.6.2/ports/x86_64-apple-darwin12.5.0/libxml2/2.9.2\" -DNOKOGIRI_LIBXML2_PATCHES\=\"0001-Revert-Missing-initialization-for-the-catalog-module.patch\ 0002-Fix-missing-entities-after-CVE-2014-3660-fix.patch\" -DNOKOGIRI_LIBXSLT_PATH\=\"/Applications/Vagrant/embedded/lib/ruby/gems/2.0.0/gems/nokogiri-1.6.6.2/ports/x86_64-apple-darwin12.5.0/libxslt/1.1.28\" -DNOKOGIRI_LIBXSLT_PATCHES\=\"0001-Adding-doc-update-related-to-1.1.28.patch\ 0002-Fix-a-couple-of-places-where-f-printf-parameters-wer.patch\ 0003-Initialize-pseudo-random-number-generator-with-curre.patch\ 0004-EXSLT-function-str-replace-is-broken-as-is.patch\ 0006-Fix-str-padding-to-work-with-UTF-8-strings.patch\ 0007-Separate-function-for-predicate-matching-in-patterns.patch\ 0008-Fix-direct-pattern-matching.patch\ 0009-Fix-certain-patterns-with-predicates.patch\ 0010-Fix-handling-of-UTF-8-strings-in-EXSLT-crypto-module.patch\ 0013-Memory-leak-in-xsltCompileIdKeyPattern-error-path.patch\ 0014-Fix-for-bug-436589.patch\ 0015-Fix-mkdir-for-mingw.patch\" -I/vagrant-installer/staging/embedded/include -fno-common -pipe  -DNOKOGIRI_USE_PACKAGED_LIBRARIES conftest.c  -L. -L/Applications/Vagrant/embedded/lib -L/Applications/Vagrant/embedded/lib/ruby/gems/2.0.0/gems/nokogiri-1.6.6.2/ports/x86_64-apple-darwin12.5.0/libxml2/2.9.2/lib -L/Applications/Vagrant/embedded/lib/ruby/gems/2.0.0/gems/nokogiri-1.6.6.2/ports/x86_64-apple-darwin12.5.0/libxslt/1.1.28/lib -L/vagrant-installer/staging/embedded/lib -L. -L/vagrant-installer/staging/embedded/lib  -Wl,-rpath,@loader_path/../lib -Wl,-rpath,@executable_path/../lib -fstack-protector -L/vagrant-installer/staging/embedded/lib    -arch x86_64 -arch i386  /Applications/Vagrant/embedded/lib/ruby/gems/2.0.0/gems/nokogiri-1.6.6.2/ports/x86_64-apple-darwin12.5.0/libxslt/1.1.28/lib/libexslt.a -lm -lpthread -lz /Applications/Vagrant/embedded/lib/ruby/gems/2.0.0/gems/nokogiri-1.6.6.2/ports/x86_64-apple-darwin12.5.0/libxml2/2.9.2/lib/libxml2.a /Applications/Vagrant/embedded/lib/ruby/gems/2.0.0/gems/nokogiri-1.6.6.2/ports/x86_64-apple-darwin12.5.0/libxslt/1.1.28/lib/libxslt.a -lm -lpthread -lz /Applications/Vagrant/embedded/lib/ruby/gems/2.0.0/gems/nokogiri-1.6.6.2/ports/x86_64-apple-darwin12.5.0/libxml2/2.9.2/lib/libxml2.a -llzma -lruby.2.0.0 /Applications/Vagrant/embedded/lib/ruby/gems/2.0.0/gems/nokogiri-1.6.6.2/ports/x86_64-apple-darwin12.5.0/libxslt/1.1.28/lib/libexslt.a -lm -lpthread -lz /Applications/Vagrant/embedded/lib/ruby/gems/2.0.0/gems/nokogiri-1.6.6.2/ports/x86_64-apple-darwin12.5.0/libxml2/2.9.2/lib/libxml2.a /Applications/Vagrant/embedded/lib/ruby/gems/2.0.0/gems/nokogiri-1.6.6.2/ports/x86_64-apple-darwin12.5.0/libxslt/1.1.28/lib/libxslt.a -lm -lpthread -lz /Applications/Vagrant/embedded/lib/ruby/gems/2.0.0/gems/nokogiri-1.6.6.2/ports/x86_64-apple-darwin12.5.0/libxml2/2.9.2/lib/libxml2.a -llzma -lpthread -ldl -lobjc  "
conftest.c:5:15: warning: implicit declaration of function 'xmlRelaxNGSetParserStructuredErrors' is invalid in C99 [-Wimplicit-function-declaration]
int t(void) { xmlRelaxNGSetParserStructuredErrors(); return 0; }
              ^
1 warning generated.
ld: warning: directory not found for option '-L/vagrant-installer/staging/embedded/lib'
ld: warning: directory not found for option '-L/vagrant-installer/staging/embedded/lib'
ld: warning: directory not found for option '-L/vagrant-installer/staging/embedded/lib'
conftest.c:5:15: warning: implicit declaration of function 'xmlRelaxNGSetParserStructuredErrors' is invalid in C99 [-Wimplicit-function-declaration]
int t(void) { xmlRelaxNGSetParserStructuredErrors(); return 0; }
              ^
1 warning generated.
ld: warning: directory not found for option '-L/vagrant-installer/staging/embedded/lib'
ld: warning: directory not found for option '-L/vagrant-installer/staging/embedded/lib'
ld: warning: directory not found for option '-L/vagrant-installer/staging/embedded/lib'
checked program was:
/* begin */
 1: #include "ruby.h"
 2: 
 3: /*top*/
 4: extern int t(void);
 5: int t(void) { xmlRelaxNGSetParserStructuredErrors(); return 0; }
 6: int main(int argc, char **argv)
 7: {
 8:   if (argc > 1000000) {
 9:     printf("%p", &t);
10:   }
11: 
12:   return 0;
13: }
/* end */

--------------------

have_func: checking for xmlRelaxNGSetValidStructuredErrors()... -------------------- yes

"clang -o conftest -I/Applications/Vagrant/embedded/include/ruby-2.0.0/universal-darwin12.5.0 -I/Applications/Vagrant/embedded/include/ruby-2.0.0/ruby/backward -I/Applications/Vagrant/embedded/include/ruby-2.0.0 -I. -I/Applications/Vagrant/embedded/lib/ruby/gems/2.0.0/gems/nokogiri-1.6.6.2/ports/x86_64-apple-darwin12.5.0/libxslt/1.1.28/include -I/Applications/Vagrant/embedded/lib/ruby/gems/2.0.0/gems/nokogiri-1.6.6.2/ports/x86_64-apple-darwin12.5.0/libxml2/2.9.2/include/libxml2 -I/Applications/Vagrant/embedded/lib/ruby/gems/2.0.0/gems/nokogiri-1.6.6.2/ports/x86_64-apple-darwin12.5.0/libxml2/2.9.2/include/libxml2 -D_XOPEN_SOURCE -D_DARWIN_C_SOURCE -D_DARWIN_UNLIMITED_SELECT -D_REENTRANT -I/vagrant-installer/staging/embedded/include   -DNOKOGIRI_LIBXML2_PATH\=\"/Applications/Vagrant/embedded/lib/ruby/gems/2.0.0/gems/nokogiri-1.6.6.2/ports/x86_64-apple-darwin12.5.0/libxml2/2.9.2\" -DNOKOGIRI_LIBXML2_PATCHES\=\"0001-Revert-Missing-initialization-for-the-catalog-module.patch\ 0002-Fix-missing-entities-after-CVE-2014-3660-fix.patch\" -DNOKOGIRI_LIBXSLT_PATH\=\"/Applications/Vagrant/embedded/lib/ruby/gems/2.0.0/gems/nokogiri-1.6.6.2/ports/x86_64-apple-darwin12.5.0/libxslt/1.1.28\" -DNOKOGIRI_LIBXSLT_PATCHES\=\"0001-Adding-doc-update-related-to-1.1.28.patch\ 0002-Fix-a-couple-of-places-where-f-printf-parameters-wer.patch\ 0003-Initialize-pseudo-random-number-generator-with-curre.patch\ 0004-EXSLT-function-str-replace-is-broken-as-is.patch\ 0006-Fix-str-padding-to-work-with-UTF-8-strings.patch\ 0007-Separate-function-for-predicate-matching-in-patterns.patch\ 0008-Fix-direct-pattern-matching.patch\ 0009-Fix-certain-patterns-with-predicates.patch\ 0010-Fix-handling-of-UTF-8-strings-in-EXSLT-crypto-module.patch\ 0013-Memory-leak-in-xsltCompileIdKeyPattern-error-path.patch\ 0014-Fix-for-bug-436589.patch\ 0015-Fix-mkdir-for-mingw.patch\" -I/vagrant-installer/staging/embedded/include -fno-common -pipe  -DNOKOGIRI_USE_PACKAGED_LIBRARIES conftest.c  -L. -L/Applications/Vagrant/embedded/lib -L/Applications/Vagrant/embedded/lib/ruby/gems/2.0.0/gems/nokogiri-1.6.6.2/ports/x86_64-apple-darwin12.5.0/libxml2/2.9.2/lib -L/Applications/Vagrant/embedded/lib/ruby/gems/2.0.0/gems/nokogiri-1.6.6.2/ports/x86_64-apple-darwin12.5.0/libxslt/1.1.28/lib -L/vagrant-installer/staging/embedded/lib -L. -L/vagrant-installer/staging/embedded/lib  -Wl,-rpath,@loader_path/../lib -Wl,-rpath,@executable_path/../lib -fstack-protector -L/vagrant-installer/staging/embedded/lib    -arch x86_64 -arch i386  /Applications/Vagrant/embedded/lib/ruby/gems/2.0.0/gems/nokogiri-1.6.6.2/ports/x86_64-apple-darwin12.5.0/libxslt/1.1.28/lib/libexslt.a -lm -lpthread -lz /Applications/Vagrant/embedded/lib/ruby/gems/2.0.0/gems/nokogiri-1.6.6.2/ports/x86_64-apple-darwin12.5.0/libxml2/2.9.2/lib/libxml2.a /Applications/Vagrant/embedded/lib/ruby/gems/2.0.0/gems/nokogiri-1.6.6.2/ports/x86_64-apple-darwin12.5.0/libxslt/1.1.28/lib/libxslt.a -lm -lpthread -lz /Applications/Vagrant/embedded/lib/ruby/gems/2.0.0/gems/nokogiri-1.6.6.2/ports/x86_64-apple-darwin12.5.0/libxml2/2.9.2/lib/libxml2.a -llzma -lruby.2.0.0 /Applications/Vagrant/embedded/lib/ruby/gems/2.0.0/gems/nokogiri-1.6.6.2/ports/x86_64-apple-darwin12.5.0/libxslt/1.1.28/lib/libexslt.a -lm -lpthread -lz /Applications/Vagrant/embedded/lib/ruby/gems/2.0.0/gems/nokogiri-1.6.6.2/ports/x86_64-apple-darwin12.5.0/libxml2/2.9.2/lib/libxml2.a /Applications/Vagrant/embedded/lib/ruby/gems/2.0.0/gems/nokogiri-1.6.6.2/ports/x86_64-apple-darwin12.5.0/libxslt/1.1.28/lib/libxslt.a -lm -lpthread -lz /Applications/Vagrant/embedded/lib/ruby/gems/2.0.0/gems/nokogiri-1.6.6.2/ports/x86_64-apple-darwin12.5.0/libxml2/2.9.2/lib/libxml2.a -llzma -lpthread -ldl -lobjc  "
conftest.c:5:57: error: use of undeclared identifier 'xmlRelaxNGSetValidStructuredErrors'
int t(void) { void ((*volatile p)()); p = (void ((*)()))xmlRelaxNGSetValidStructuredErrors; return 0; }
                                                        ^
1 error generated.
checked program was:
/* begin */
 1: #include "ruby.h"
 2: 
 3: /*top*/
 4: extern int t(void);
 5: int t(void) { void ((*volatile p)()); p = (void ((*)()))xmlRelaxNGSetValidStructuredErrors; return 0; }
 6: int main(int argc, char **argv)
 7: {
 8:   if (argc > 1000000) {
 9:     printf("%p", &t);
10:   }
11: 
12:   return 0;
13: }
/* end */

"clang -o conftest -I/Applications/Vagrant/embedded/include/ruby-2.0.0/universal-darwin12.5.0 -I/Applications/Vagrant/embedded/include/ruby-2.0.0/ruby/backward -I/Applications/Vagrant/embedded/include/ruby-2.0.0 -I. -I/Applications/Vagrant/embedded/lib/ruby/gems/2.0.0/gems/nokogiri-1.6.6.2/ports/x86_64-apple-darwin12.5.0/libxslt/1.1.28/include -I/Applications/Vagrant/embedded/lib/ruby/gems/2.0.0/gems/nokogiri-1.6.6.2/ports/x86_64-apple-darwin12.5.0/libxml2/2.9.2/include/libxml2 -I/Applications/Vagrant/embedded/lib/ruby/gems/2.0.0/gems/nokogiri-1.6.6.2/ports/x86_64-apple-darwin12.5.0/libxml2/2.9.2/include/libxml2 -D_XOPEN_SOURCE -D_DARWIN_C_SOURCE -D_DARWIN_UNLIMITED_SELECT -D_REENTRANT -I/vagrant-installer/staging/embedded/include   -DNOKOGIRI_LIBXML2_PATH\=\"/Applications/Vagrant/embedded/lib/ruby/gems/2.0.0/gems/nokogiri-1.6.6.2/ports/x86_64-apple-darwin12.5.0/libxml2/2.9.2\" -DNOKOGIRI_LIBXML2_PATCHES\=\"0001-Revert-Missing-initialization-for-the-catalog-module.patch\ 0002-Fix-missing-entities-after-CVE-2014-3660-fix.patch\" -DNOKOGIRI_LIBXSLT_PATH\=\"/Applications/Vagrant/embedded/lib/ruby/gems/2.0.0/gems/nokogiri-1.6.6.2/ports/x86_64-apple-darwin12.5.0/libxslt/1.1.28\" -DNOKOGIRI_LIBXSLT_PATCHES\=\"0001-Adding-doc-update-related-to-1.1.28.patch\ 0002-Fix-a-couple-of-places-where-f-printf-parameters-wer.patch\ 0003-Initialize-pseudo-random-number-generator-with-curre.patch\ 0004-EXSLT-function-str-replace-is-broken-as-is.patch\ 0006-Fix-str-padding-to-work-with-UTF-8-strings.patch\ 0007-Separate-function-for-predicate-matching-in-patterns.patch\ 0008-Fix-direct-pattern-matching.patch\ 0009-Fix-certain-patterns-with-predicates.patch\ 0010-Fix-handling-of-UTF-8-strings-in-EXSLT-crypto-module.patch\ 0013-Memory-leak-in-xsltCompileIdKeyPattern-error-path.patch\ 0014-Fix-for-bug-436589.patch\ 0015-Fix-mkdir-for-mingw.patch\" -I/vagrant-installer/staging/embedded/include -fno-common -pipe  -DNOKOGIRI_USE_PACKAGED_LIBRARIES conftest.c  -L. -L/Applications/Vagrant/embedded/lib -L/Applications/Vagrant/embedded/lib/ruby/gems/2.0.0/gems/nokogiri-1.6.6.2/ports/x86_64-apple-darwin12.5.0/libxml2/2.9.2/lib -L/Applications/Vagrant/embedded/lib/ruby/gems/2.0.0/gems/nokogiri-1.6.6.2/ports/x86_64-apple-darwin12.5.0/libxslt/1.1.28/lib -L/vagrant-installer/staging/embedded/lib -L. -L/vagrant-installer/staging/embedded/lib  -Wl,-rpath,@loader_path/../lib -Wl,-rpath,@executable_path/../lib -fstack-protector -L/vagrant-installer/staging/embedded/lib    -arch x86_64 -arch i386  /Applications/Vagrant/embedded/lib/ruby/gems/2.0.0/gems/nokogiri-1.6.6.2/ports/x86_64-apple-darwin12.5.0/libxslt/1.1.28/lib/libexslt.a -lm -lpthread -lz /Applications/Vagrant/embedded/lib/ruby/gems/2.0.0/gems/nokogiri-1.6.6.2/ports/x86_64-apple-darwin12.5.0/libxml2/2.9.2/lib/libxml2.a /Applications/Vagrant/embedded/lib/ruby/gems/2.0.0/gems/nokogiri-1.6.6.2/ports/x86_64-apple-darwin12.5.0/libxslt/1.1.28/lib/libxslt.a -lm -lpthread -lz /Applications/Vagrant/embedded/lib/ruby/gems/2.0.0/gems/nokogiri-1.6.6.2/ports/x86_64-apple-darwin12.5.0/libxml2/2.9.2/lib/libxml2.a -llzma -lruby.2.0.0 /Applications/Vagrant/embedded/lib/ruby/gems/2.0.0/gems/nokogiri-1.6.6.2/ports/x86_64-apple-darwin12.5.0/libxslt/1.1.28/lib/libexslt.a -lm -lpthread -lz /Applications/Vagrant/embedded/lib/ruby/gems/2.0.0/gems/nokogiri-1.6.6.2/ports/x86_64-apple-darwin12.5.0/libxml2/2.9.2/lib/libxml2.a /Applications/Vagrant/embedded/lib/ruby/gems/2.0.0/gems/nokogiri-1.6.6.2/ports/x86_64-apple-darwin12.5.0/libxslt/1.1.28/lib/libxslt.a -lm -lpthread -lz /Applications/Vagrant/embedded/lib/ruby/gems/2.0.0/gems/nokogiri-1.6.6.2/ports/x86_64-apple-darwin12.5.0/libxml2/2.9.2/lib/libxml2.a -llzma -lpthread -ldl -lobjc  "
conftest.c:5:15: warning: implicit declaration of function 'xmlRelaxNGSetValidStructuredErrors' is invalid in C99 [-Wimplicit-function-declaration]
int t(void) { xmlRelaxNGSetValidStructuredErrors(); return 0; }
              ^
1 warning generated.
ld: warning: directory not found for option '-L/vagrant-installer/staging/embedded/lib'
ld: warning: directory not found for option '-L/vagrant-installer/staging/embedded/lib'
ld: warning: directory not found for option '-L/vagrant-installer/staging/embedded/lib'
conftest.c:5:15: warning: implicit declaration of function 'xmlRelaxNGSetValidStructuredErrors' is invalid in C99 [-Wimplicit-function-declaration]
int t(void) { xmlRelaxNGSetValidStructuredErrors(); return 0; }
              ^
1 warning generated.
ld: warning: directory not found for option '-L/vagrant-installer/staging/embedded/lib'
ld: warning: directory not found for option '-L/vagrant-installer/staging/embedded/lib'
ld: warning: directory not found for option '-L/vagrant-installer/staging/embedded/lib'
checked program was:
/* begin */
 1: #include "ruby.h"
 2: 
 3: /*top*/
 4: extern int t(void);
 5: int t(void) { xmlRelaxNGSetValidStructuredErrors(); return 0; }
 6: int main(int argc, char **argv)
 7: {
 8:   if (argc > 1000000) {
 9:     printf("%p", &t);
10:   }
11: 
12:   return 0;
13: }
/* end */

--------------------

have_func: checking for xmlSchemaSetValidStructuredErrors()... -------------------- yes

"clang -o conftest -I/Applications/Vagrant/embedded/include/ruby-2.0.0/universal-darwin12.5.0 -I/Applications/Vagrant/embedded/include/ruby-2.0.0/ruby/backward -I/Applications/Vagrant/embedded/include/ruby-2.0.0 -I. -I/Applications/Vagrant/embedded/lib/ruby/gems/2.0.0/gems/nokogiri-1.6.6.2/ports/x86_64-apple-darwin12.5.0/libxslt/1.1.28/include -I/Applications/Vagrant/embedded/lib/ruby/gems/2.0.0/gems/nokogiri-1.6.6.2/ports/x86_64-apple-darwin12.5.0/libxml2/2.9.2/include/libxml2 -I/Applications/Vagrant/embedded/lib/ruby/gems/2.0.0/gems/nokogiri-1.6.6.2/ports/x86_64-apple-darwin12.5.0/libxml2/2.9.2/include/libxml2 -D_XOPEN_SOURCE -D_DARWIN_C_SOURCE -D_DARWIN_UNLIMITED_SELECT -D_REENTRANT -I/vagrant-installer/staging/embedded/include   -DNOKOGIRI_LIBXML2_PATH\=\"/Applications/Vagrant/embedded/lib/ruby/gems/2.0.0/gems/nokogiri-1.6.6.2/ports/x86_64-apple-darwin12.5.0/libxml2/2.9.2\" -DNOKOGIRI_LIBXML2_PATCHES\=\"0001-Revert-Missing-initialization-for-the-catalog-module.patch\ 0002-Fix-missing-entities-after-CVE-2014-3660-fix.patch\" -DNOKOGIRI_LIBXSLT_PATH\=\"/Applications/Vagrant/embedded/lib/ruby/gems/2.0.0/gems/nokogiri-1.6.6.2/ports/x86_64-apple-darwin12.5.0/libxslt/1.1.28\" -DNOKOGIRI_LIBXSLT_PATCHES\=\"0001-Adding-doc-update-related-to-1.1.28.patch\ 0002-Fix-a-couple-of-places-where-f-printf-parameters-wer.patch\ 0003-Initialize-pseudo-random-number-generator-with-curre.patch\ 0004-EXSLT-function-str-replace-is-broken-as-is.patch\ 0006-Fix-str-padding-to-work-with-UTF-8-strings.patch\ 0007-Separate-function-for-predicate-matching-in-patterns.patch\ 0008-Fix-direct-pattern-matching.patch\ 0009-Fix-certain-patterns-with-predicates.patch\ 0010-Fix-handling-of-UTF-8-strings-in-EXSLT-crypto-module.patch\ 0013-Memory-leak-in-xsltCompileIdKeyPattern-error-path.patch\ 0014-Fix-for-bug-436589.patch\ 0015-Fix-mkdir-for-mingw.patch\" -I/vagrant-installer/staging/embedded/include -fno-common -pipe  -DNOKOGIRI_USE_PACKAGED_LIBRARIES conftest.c  -L. -L/Applications/Vagrant/embedded/lib -L/Applications/Vagrant/embedded/lib/ruby/gems/2.0.0/gems/nokogiri-1.6.6.2/ports/x86_64-apple-darwin12.5.0/libxml2/2.9.2/lib -L/Applications/Vagrant/embedded/lib/ruby/gems/2.0.0/gems/nokogiri-1.6.6.2/ports/x86_64-apple-darwin12.5.0/libxslt/1.1.28/lib -L/vagrant-installer/staging/embedded/lib -L. -L/vagrant-installer/staging/embedded/lib  -Wl,-rpath,@loader_path/../lib -Wl,-rpath,@executable_path/../lib -fstack-protector -L/vagrant-installer/staging/embedded/lib    -arch x86_64 -arch i386  /Applications/Vagrant/embedded/lib/ruby/gems/2.0.0/gems/nokogiri-1.6.6.2/ports/x86_64-apple-darwin12.5.0/libxslt/1.1.28/lib/libexslt.a -lm -lpthread -lz /Applications/Vagrant/embedded/lib/ruby/gems/2.0.0/gems/nokogiri-1.6.6.2/ports/x86_64-apple-darwin12.5.0/libxml2/2.9.2/lib/libxml2.a /Applications/Vagrant/embedded/lib/ruby/gems/2.0.0/gems/nokogiri-1.6.6.2/ports/x86_64-apple-darwin12.5.0/libxslt/1.1.28/lib/libxslt.a -lm -lpthread -lz /Applications/Vagrant/embedded/lib/ruby/gems/2.0.0/gems/nokogiri-1.6.6.2/ports/x86_64-apple-darwin12.5.0/libxml2/2.9.2/lib/libxml2.a -llzma -lruby.2.0.0 /Applications/Vagrant/embedded/lib/ruby/gems/2.0.0/gems/nokogiri-1.6.6.2/ports/x86_64-apple-darwin12.5.0/libxslt/1.1.28/lib/libexslt.a -lm -lpthread -lz /Applications/Vagrant/embedded/lib/ruby/gems/2.0.0/gems/nokogiri-1.6.6.2/ports/x86_64-apple-darwin12.5.0/libxml2/2.9.2/lib/libxml2.a /Applications/Vagrant/embedded/lib/ruby/gems/2.0.0/gems/nokogiri-1.6.6.2/ports/x86_64-apple-darwin12.5.0/libxslt/1.1.28/lib/libxslt.a -lm -lpthread -lz /Applications/Vagrant/embedded/lib/ruby/gems/2.0.0/gems/nokogiri-1.6.6.2/ports/x86_64-apple-darwin12.5.0/libxml2/2.9.2/lib/libxml2.a -llzma -lpthread -ldl -lobjc  "
conftest.c:5:57: error: use of undeclared identifier 'xmlSchemaSetValidStructuredErrors'
int t(void) { void ((*volatile p)()); p = (void ((*)()))xmlSchemaSetValidStructuredErrors; return 0; }
                                                        ^
1 error generated.
checked program was:
/* begin */
 1: #include "ruby.h"
 2: 
 3: /*top*/
 4: extern int t(void);
 5: int t(void) { void ((*volatile p)()); p = (void ((*)()))xmlSchemaSetValidStructuredErrors; return 0; }
 6: int main(int argc, char **argv)
 7: {
 8:   if (argc > 1000000) {
 9:     printf("%p", &t);
10:   }
11: 
12:   return 0;
13: }
/* end */

"clang -o conftest -I/Applications/Vagrant/embedded/include/ruby-2.0.0/universal-darwin12.5.0 -I/Applications/Vagrant/embedded/include/ruby-2.0.0/ruby/backward -I/Applications/Vagrant/embedded/include/ruby-2.0.0 -I. -I/Applications/Vagrant/embedded/lib/ruby/gems/2.0.0/gems/nokogiri-1.6.6.2/ports/x86_64-apple-darwin12.5.0/libxslt/1.1.28/include -I/Applications/Vagrant/embedded/lib/ruby/gems/2.0.0/gems/nokogiri-1.6.6.2/ports/x86_64-apple-darwin12.5.0/libxml2/2.9.2/include/libxml2 -I/Applications/Vagrant/embedded/lib/ruby/gems/2.0.0/gems/nokogiri-1.6.6.2/ports/x86_64-apple-darwin12.5.0/libxml2/2.9.2/include/libxml2 -D_XOPEN_SOURCE -D_DARWIN_C_SOURCE -D_DARWIN_UNLIMITED_SELECT -D_REENTRANT -I/vagrant-installer/staging/embedded/include   -DNOKOGIRI_LIBXML2_PATH\=\"/Applications/Vagrant/embedded/lib/ruby/gems/2.0.0/gems/nokogiri-1.6.6.2/ports/x86_64-apple-darwin12.5.0/libxml2/2.9.2\" -DNOKOGIRI_LIBXML2_PATCHES\=\"0001-Revert-Missing-initialization-for-the-catalog-module.patch\ 0002-Fix-missing-entities-after-CVE-2014-3660-fix.patch\" -DNOKOGIRI_LIBXSLT_PATH\=\"/Applications/Vagrant/embedded/lib/ruby/gems/2.0.0/gems/nokogiri-1.6.6.2/ports/x86_64-apple-darwin12.5.0/libxslt/1.1.28\" -DNOKOGIRI_LIBXSLT_PATCHES\=\"0001-Adding-doc-update-related-to-1.1.28.patch\ 0002-Fix-a-couple-of-places-where-f-printf-parameters-wer.patch\ 0003-Initialize-pseudo-random-number-generator-with-curre.patch\ 0004-EXSLT-function-str-replace-is-broken-as-is.patch\ 0006-Fix-str-padding-to-work-with-UTF-8-strings.patch\ 0007-Separate-function-for-predicate-matching-in-patterns.patch\ 0008-Fix-direct-pattern-matching.patch\ 0009-Fix-certain-patterns-with-predicates.patch\ 0010-Fix-handling-of-UTF-8-strings-in-EXSLT-crypto-module.patch\ 0013-Memory-leak-in-xsltCompileIdKeyPattern-error-path.patch\ 0014-Fix-for-bug-436589.patch\ 0015-Fix-mkdir-for-mingw.patch\" -I/vagrant-installer/staging/embedded/include -fno-common -pipe  -DNOKOGIRI_USE_PACKAGED_LIBRARIES conftest.c  -L. -L/Applications/Vagrant/embedded/lib -L/Applications/Vagrant/embedded/lib/ruby/gems/2.0.0/gems/nokogiri-1.6.6.2/ports/x86_64-apple-darwin12.5.0/libxml2/2.9.2/lib -L/Applications/Vagrant/embedded/lib/ruby/gems/2.0.0/gems/nokogiri-1.6.6.2/ports/x86_64-apple-darwin12.5.0/libxslt/1.1.28/lib -L/vagrant-installer/staging/embedded/lib -L. -L/vagrant-installer/staging/embedded/lib  -Wl,-rpath,@loader_path/../lib -Wl,-rpath,@executable_path/../lib -fstack-protector -L/vagrant-installer/staging/embedded/lib    -arch x86_64 -arch i386  /Applications/Vagrant/embedded/lib/ruby/gems/2.0.0/gems/nokogiri-1.6.6.2/ports/x86_64-apple-darwin12.5.0/libxslt/1.1.28/lib/libexslt.a -lm -lpthread -lz /Applications/Vagrant/embedded/lib/ruby/gems/2.0.0/gems/nokogiri-1.6.6.2/ports/x86_64-apple-darwin12.5.0/libxml2/2.9.2/lib/libxml2.a /Applications/Vagrant/embedded/lib/ruby/gems/2.0.0/gems/nokogiri-1.6.6.2/ports/x86_64-apple-darwin12.5.0/libxslt/1.1.28/lib/libxslt.a -lm -lpthread -lz /Applications/Vagrant/embedded/lib/ruby/gems/2.0.0/gems/nokogiri-1.6.6.2/ports/x86_64-apple-darwin12.5.0/libxml2/2.9.2/lib/libxml2.a -llzma -lruby.2.0.0 /Applications/Vagrant/embedded/lib/ruby/gems/2.0.0/gems/nokogiri-1.6.6.2/ports/x86_64-apple-darwin12.5.0/libxslt/1.1.28/lib/libexslt.a -lm -lpthread -lz /Applications/Vagrant/embedded/lib/ruby/gems/2.0.0/gems/nokogiri-1.6.6.2/ports/x86_64-apple-darwin12.5.0/libxml2/2.9.2/lib/libxml2.a /Applications/Vagrant/embedded/lib/ruby/gems/2.0.0/gems/nokogiri-1.6.6.2/ports/x86_64-apple-darwin12.5.0/libxslt/1.1.28/lib/libxslt.a -lm -lpthread -lz /Applications/Vagrant/embedded/lib/ruby/gems/2.0.0/gems/nokogiri-1.6.6.2/ports/x86_64-apple-darwin12.5.0/libxml2/2.9.2/lib/libxml2.a -llzma -lpthread -ldl -lobjc  "
conftest.c:5:15: warning: implicit declaration of function 'xmlSchemaSetValidStructuredErrors' is invalid in C99 [-Wimplicit-function-declaration]
int t(void) { xmlSchemaSetValidStructuredErrors(); return 0; }
              ^
1 warning generated.
ld: warning: directory not found for option '-L/vagrant-installer/staging/embedded/lib'
ld: warning: directory not found for option '-L/vagrant-installer/staging/embedded/lib'
ld: warning: directory not found for option '-L/vagrant-installer/staging/embedded/lib'
conftest.c:5:15: warning: implicit declaration of function 'xmlSchemaSetValidStructuredErrors' is invalid in C99 [-Wimplicit-function-declaration]
int t(void) { xmlSchemaSetValidStructuredErrors(); return 0; }
              ^
1 warning generated.
ld: warning: directory not found for option '-L/vagrant-installer/staging/embedded/lib'
ld: warning: directory not found for option '-L/vagrant-installer/staging/embedded/lib'
ld: warning: directory not found for option '-L/vagrant-installer/staging/embedded/lib'
checked program was:
/* begin */
 1: #include "ruby.h"
 2: 
 3: /*top*/
 4: extern int t(void);
 5: int t(void) { xmlSchemaSetValidStructuredErrors(); return 0; }
 6: int main(int argc, char **argv)
 7: {
 8:   if (argc > 1000000) {
 9:     printf("%p", &t);
10:   }
11: 
12:   return 0;
13: }
/* end */

--------------------

have_func: checking for xmlSchemaSetParserStructuredErrors()... -------------------- yes

"clang -o conftest -I/Applications/Vagrant/embedded/include/ruby-2.0.0/universal-darwin12.5.0 -I/Applications/Vagrant/embedded/include/ruby-2.0.0/ruby/backward -I/Applications/Vagrant/embedded/include/ruby-2.0.0 -I. -I/Applications/Vagrant/embedded/lib/ruby/gems/2.0.0/gems/nokogiri-1.6.6.2/ports/x86_64-apple-darwin12.5.0/libxslt/1.1.28/include -I/Applications/Vagrant/embedded/lib/ruby/gems/2.0.0/gems/nokogiri-1.6.6.2/ports/x86_64-apple-darwin12.5.0/libxml2/2.9.2/include/libxml2 -I/Applications/Vagrant/embedded/lib/ruby/gems/2.0.0/gems/nokogiri-1.6.6.2/ports/x86_64-apple-darwin12.5.0/libxml2/2.9.2/include/libxml2 -D_XOPEN_SOURCE -D_DARWIN_C_SOURCE -D_DARWIN_UNLIMITED_SELECT -D_REENTRANT -I/vagrant-installer/staging/embedded/include   -DNOKOGIRI_LIBXML2_PATH\=\"/Applications/Vagrant/embedded/lib/ruby/gems/2.0.0/gems/nokogiri-1.6.6.2/ports/x86_64-apple-darwin12.5.0/libxml2/2.9.2\" -DNOKOGIRI_LIBXML2_PATCHES\=\"0001-Revert-Missing-initialization-for-the-catalog-module.patch\ 0002-Fix-missing-entities-after-CVE-2014-3660-fix.patch\" -DNOKOGIRI_LIBXSLT_PATH\=\"/Applications/Vagrant/embedded/lib/ruby/gems/2.0.0/gems/nokogiri-1.6.6.2/ports/x86_64-apple-darwin12.5.0/libxslt/1.1.28\" -DNOKOGIRI_LIBXSLT_PATCHES\=\"0001-Adding-doc-update-related-to-1.1.28.patch\ 0002-Fix-a-couple-of-places-where-f-printf-parameters-wer.patch\ 0003-Initialize-pseudo-random-number-generator-with-curre.patch\ 0004-EXSLT-function-str-replace-is-broken-as-is.patch\ 0006-Fix-str-padding-to-work-with-UTF-8-strings.patch\ 0007-Separate-function-for-predicate-matching-in-patterns.patch\ 0008-Fix-direct-pattern-matching.patch\ 0009-Fix-certain-patterns-with-predicates.patch\ 0010-Fix-handling-of-UTF-8-strings-in-EXSLT-crypto-module.patch\ 0013-Memory-leak-in-xsltCompileIdKeyPattern-error-path.patch\ 0014-Fix-for-bug-436589.patch\ 0015-Fix-mkdir-for-mingw.patch\" -I/vagrant-installer/staging/embedded/include -fno-common -pipe  -DNOKOGIRI_USE_PACKAGED_LIBRARIES conftest.c  -L. -L/Applications/Vagrant/embedded/lib -L/Applications/Vagrant/embedded/lib/ruby/gems/2.0.0/gems/nokogiri-1.6.6.2/ports/x86_64-apple-darwin12.5.0/libxml2/2.9.2/lib -L/Applications/Vagrant/embedded/lib/ruby/gems/2.0.0/gems/nokogiri-1.6.6.2/ports/x86_64-apple-darwin12.5.0/libxslt/1.1.28/lib -L/vagrant-installer/staging/embedded/lib -L. -L/vagrant-installer/staging/embedded/lib  -Wl,-rpath,@loader_path/../lib -Wl,-rpath,@executable_path/../lib -fstack-protector -L/vagrant-installer/staging/embedded/lib    -arch x86_64 -arch i386  /Applications/Vagrant/embedded/lib/ruby/gems/2.0.0/gems/nokogiri-1.6.6.2/ports/x86_64-apple-darwin12.5.0/libxslt/1.1.28/lib/libexslt.a -lm -lpthread -lz /Applications/Vagrant/embedded/lib/ruby/gems/2.0.0/gems/nokogiri-1.6.6.2/ports/x86_64-apple-darwin12.5.0/libxml2/2.9.2/lib/libxml2.a /Applications/Vagrant/embedded/lib/ruby/gems/2.0.0/gems/nokogiri-1.6.6.2/ports/x86_64-apple-darwin12.5.0/libxslt/1.1.28/lib/libxslt.a -lm -lpthread -lz /Applications/Vagrant/embedded/lib/ruby/gems/2.0.0/gems/nokogiri-1.6.6.2/ports/x86_64-apple-darwin12.5.0/libxml2/2.9.2/lib/libxml2.a -llzma -lruby.2.0.0 /Applications/Vagrant/embedded/lib/ruby/gems/2.0.0/gems/nokogiri-1.6.6.2/ports/x86_64-apple-darwin12.5.0/libxslt/1.1.28/lib/libexslt.a -lm -lpthread -lz /Applications/Vagrant/embedded/lib/ruby/gems/2.0.0/gems/nokogiri-1.6.6.2/ports/x86_64-apple-darwin12.5.0/libxml2/2.9.2/lib/libxml2.a /Applications/Vagrant/embedded/lib/ruby/gems/2.0.0/gems/nokogiri-1.6.6.2/ports/x86_64-apple-darwin12.5.0/libxslt/1.1.28/lib/libxslt.a -lm -lpthread -lz /Applications/Vagrant/embedded/lib/ruby/gems/2.0.0/gems/nokogiri-1.6.6.2/ports/x86_64-apple-darwin12.5.0/libxml2/2.9.2/lib/libxml2.a -llzma -lpthread -ldl -lobjc  "
conftest.c:5:57: error: use of undeclared identifier 'xmlSchemaSetParserStructuredErrors'
int t(void) { void ((*volatile p)()); p = (void ((*)()))xmlSchemaSetParserStructuredErrors; return 0; }
                                                        ^
1 error generated.
checked program was:
/* begin */
 1: #include "ruby.h"
 2: 
 3: /*top*/
 4: extern int t(void);
 5: int t(void) { void ((*volatile p)()); p = (void ((*)()))xmlSchemaSetParserStructuredErrors; return 0; }
 6: int main(int argc, char **argv)
 7: {
 8:   if (argc > 1000000) {
 9:     printf("%p", &t);
10:   }
11: 
12:   return 0;
13: }
/* end */

"clang -o conftest -I/Applications/Vagrant/embedded/include/ruby-2.0.0/universal-darwin12.5.0 -I/Applications/Vagrant/embedded/include/ruby-2.0.0/ruby/backward -I/Applications/Vagrant/embedded/include/ruby-2.0.0 -I. -I/Applications/Vagrant/embedded/lib/ruby/gems/2.0.0/gems/nokogiri-1.6.6.2/ports/x86_64-apple-darwin12.5.0/libxslt/1.1.28/include -I/Applications/Vagrant/embedded/lib/ruby/gems/2.0.0/gems/nokogiri-1.6.6.2/ports/x86_64-apple-darwin12.5.0/libxml2/2.9.2/include/libxml2 -I/Applications/Vagrant/embedded/lib/ruby/gems/2.0.0/gems/nokogiri-1.6.6.2/ports/x86_64-apple-darwin12.5.0/libxml2/2.9.2/include/libxml2 -D_XOPEN_SOURCE -D_DARWIN_C_SOURCE -D_DARWIN_UNLIMITED_SELECT -D_REENTRANT -I/vagrant-installer/staging/embedded/include   -DNOKOGIRI_LIBXML2_PATH\=\"/Applications/Vagrant/embedded/lib/ruby/gems/2.0.0/gems/nokogiri-1.6.6.2/ports/x86_64-apple-darwin12.5.0/libxml2/2.9.2\" -DNOKOGIRI_LIBXML2_PATCHES\=\"0001-Revert-Missing-initialization-for-the-catalog-module.patch\ 0002-Fix-missing-entities-after-CVE-2014-3660-fix.patch\" -DNOKOGIRI_LIBXSLT_PATH\=\"/Applications/Vagrant/embedded/lib/ruby/gems/2.0.0/gems/nokogiri-1.6.6.2/ports/x86_64-apple-darwin12.5.0/libxslt/1.1.28\" -DNOKOGIRI_LIBXSLT_PATCHES\=\"0001-Adding-doc-update-related-to-1.1.28.patch\ 0002-Fix-a-couple-of-places-where-f-printf-parameters-wer.patch\ 0003-Initialize-pseudo-random-number-generator-with-curre.patch\ 0004-EXSLT-function-str-replace-is-broken-as-is.patch\ 0006-Fix-str-padding-to-work-with-UTF-8-strings.patch\ 0007-Separate-function-for-predicate-matching-in-patterns.patch\ 0008-Fix-direct-pattern-matching.patch\ 0009-Fix-certain-patterns-with-predicates.patch\ 0010-Fix-handling-of-UTF-8-strings-in-EXSLT-crypto-module.patch\ 0013-Memory-leak-in-xsltCompileIdKeyPattern-error-path.patch\ 0014-Fix-for-bug-436589.patch\ 0015-Fix-mkdir-for-mingw.patch\" -I/vagrant-installer/staging/embedded/include -fno-common -pipe  -DNOKOGIRI_USE_PACKAGED_LIBRARIES conftest.c  -L. -L/Applications/Vagrant/embedded/lib -L/Applications/Vagrant/embedded/lib/ruby/gems/2.0.0/gems/nokogiri-1.6.6.2/ports/x86_64-apple-darwin12.5.0/libxml2/2.9.2/lib -L/Applications/Vagrant/embedded/lib/ruby/gems/2.0.0/gems/nokogiri-1.6.6.2/ports/x86_64-apple-darwin12.5.0/libxslt/1.1.28/lib -L/vagrant-installer/staging/embedded/lib -L. -L/vagrant-installer/staging/embedded/lib  -Wl,-rpath,@loader_path/../lib -Wl,-rpath,@executable_path/../lib -fstack-protector -L/vagrant-installer/staging/embedded/lib    -arch x86_64 -arch i386  /Applications/Vagrant/embedded/lib/ruby/gems/2.0.0/gems/nokogiri-1.6.6.2/ports/x86_64-apple-darwin12.5.0/libxslt/1.1.28/lib/libexslt.a -lm -lpthread -lz /Applications/Vagrant/embedded/lib/ruby/gems/2.0.0/gems/nokogiri-1.6.6.2/ports/x86_64-apple-darwin12.5.0/libxml2/2.9.2/lib/libxml2.a /Applications/Vagrant/embedded/lib/ruby/gems/2.0.0/gems/nokogiri-1.6.6.2/ports/x86_64-apple-darwin12.5.0/libxslt/1.1.28/lib/libxslt.a -lm -lpthread -lz /Applications/Vagrant/embedded/lib/ruby/gems/2.0.0/gems/nokogiri-1.6.6.2/ports/x86_64-apple-darwin12.5.0/libxml2/2.9.2/lib/libxml2.a -llzma -lruby.2.0.0 /Applications/Vagrant/embedded/lib/ruby/gems/2.0.0/gems/nokogiri-1.6.6.2/ports/x86_64-apple-darwin12.5.0/libxslt/1.1.28/lib/libexslt.a -lm -lpthread -lz /Applications/Vagrant/embedded/lib/ruby/gems/2.0.0/gems/nokogiri-1.6.6.2/ports/x86_64-apple-darwin12.5.0/libxml2/2.9.2/lib/libxml2.a /Applications/Vagrant/embedded/lib/ruby/gems/2.0.0/gems/nokogiri-1.6.6.2/ports/x86_64-apple-darwin12.5.0/libxslt/1.1.28/lib/libxslt.a -lm -lpthread -lz /Applications/Vagrant/embedded/lib/ruby/gems/2.0.0/gems/nokogiri-1.6.6.2/ports/x86_64-apple-darwin12.5.0/libxml2/2.9.2/lib/libxml2.a -llzma -lpthread -ldl -lobjc  "
conftest.c:5:15: warning: implicit declaration of function 'xmlSchemaSetParserStructuredErrors' is invalid in C99 [-Wimplicit-function-declaration]
int t(void) { xmlSchemaSetParserStructuredErrors(); return 0; }
              ^
1 warning generated.
ld: warning: directory not found for option '-L/vagrant-installer/staging/embedded/lib'
ld: warning: directory not found for option '-L/vagrant-installer/staging/embedded/lib'
ld: warning: directory not found for option '-L/vagrant-installer/staging/embedded/lib'
conftest.c:5:15: warning: implicit declaration of function 'xmlSchemaSetParserStructuredErrors' is invalid in C99 [-Wimplicit-function-declaration]
int t(void) { xmlSchemaSetParserStructuredErrors(); return 0; }
              ^
1 warning generated.
ld: warning: directory not found for option '-L/vagrant-installer/staging/embedded/lib'
ld: warning: directory not found for option '-L/vagrant-installer/staging/embedded/lib'
ld: warning: directory not found for option '-L/vagrant-installer/staging/embedded/lib'
checked program was:
/* begin */
 1: #include "ruby.h"
 2: 
 3: /*top*/
 4: extern int t(void);
 5: int t(void) { xmlSchemaSetParserStructuredErrors(); return 0; }
 6: int main(int argc, char **argv)
 7: {
 8:   if (argc > 1000000) {
 9:     printf("%p", &t);
10:   }
11: 
12:   return 0;
13: }
/* end */

--------------------

